# JRE version: OpenJDK Runtime Environment Temurin-21.0.11+10 (21.0.11+10) (build 21.0.11+10-LTS)
# Java VM: OpenJDK 64-Bit Server VM Temurin-21.0.11+10 (21.0.11+10-LTS, mixed mode, sharing, tiered, compressed oops, compressed class ptrs, parallel gc, windows-amd64)
GC Precious Log:
 CardTable entry size: 512
 CPUs: 4 total, 4 available
 Memory: 3463M
 Large Page Support: Disabled
 NUMA Support: Disabled
 Compressed Oops: Enabled (32-bit)
 Alignments: Space 512K, Generation 512K, Heap 2M
 Heap Min Capacity: 100M
 Heap Initial Capacity: 100M
 Heap Max Capacity: 2G
 Pre-touch: Disabled
 Parallel Workers: 4
Heap:
 PSYoungGen      total 4096K, used 785K [0x00000000d5580000, 0x00000000d5c00000, 0x0000000100000000)
  eden space 2048K, 22% used [0x00000000d5580000,0x00000000d55f4440,0x00000000d5780000)
  from space 2048K, 15% used [0x00000000d5880000,0x00000000d58d0000,0x00000000d5a80000)
  to   space 1024K, 0% used [0x00000000d5b00000,0x00000000d5b00000,0x00000000d5c00000)
 ParOldGen       total 636928K, used 176736K [0x0000000080000000, 0x00000000a6e00000, 0x00000000d5580000)
  object space 636928K, 27% used [0x0000000080000000,0x000000008ac98178,0x00000000a6e00000)
 Metaspace       used 80141K, committed 81920K, reserved 1179648K
  class space    used 8269K, committed 9088K, reserved 1048576K
GC Heap History (20 events):
Event: 1438.965 GC heap before
{Heap before GC invocations=688 (full 4):
 PSYoungGen      total 7168K, used 7017K [0x00000000d5580000, 0x00000000d6000000, 0x0000000100000000)
  eden space 4608K, 100% used [0x00000000d5580000,0x00000000d5a00000,0x00000000d5a00000)
  from space 2560K, 94% used [0x00000000d5a00000,0x00000000d5c5a790,0x00000000d5c80000)
  to   space 3072K, 0% used [0x00000000d5d00000,0x00000000d5d00000,0x00000000d6000000)
 ParOldGen       total 636928K, used 149719K [0x0000000080000000, 0x00000000a6e00000, 0x00000000d5580000)
  object space 636928K, 23% used [0x0000000080000000,0x0000000089235fe0,0x00000000a6e00000)
 Metaspace       used 80116K, committed 81920K, reserved 1179648K
  class space    used 8269K, committed 9088K, reserved 1048576K
}
Event: 1438.999 GC heap after
{Heap after GC invocations=688 (full 4):
 PSYoungGen      total 7168K, used 2304K [0x00000000d5580000, 0x00000000d5f80000, 0x0000000100000000)
  eden space 4608K, 0% used [0x00000000d5580000,0x00000000d5580000,0x00000000d5a00000)
  from space 2560K, 90% used [0x00000000d5d00000,0x00000000d5f40000,0x00000000d5f80000)
  to   space 2560K, 0% used [0x00000000d5a00000,0x00000000d5a00000,0x00000000d5c80000)
 ParOldGen       total 636928K, used 152518K [0x0000000080000000, 0x00000000a6e00000, 0x00000000d5580000)
  object space 636928K, 23% used [0x0000000080000000,0x00000000894f1b48,0x00000000a6e00000)
 Metaspace       used 80116K, committed 81920K, reserved 1179648K
  class space    used 8269K, committed 9088K, reserved 1048576K
}
Event: 1439.064 GC heap before
{Heap before GC invocations=689 (full 4):
 PSYoungGen      total 7168K, used 6912K [0x00000000d5580000, 0x00000000d5f80000, 0x0000000100000000)
  eden space 4608K, 100% used [0x00000000d5580000,0x00000000d5a00000,0x00000000d5a00000)
  from space 2560K, 90% used [0x00000000d5d00000,0x00000000d5f40000,0x00000000d5f80000)
  to   space 2560K, 0% used [0x00000000d5a00000,0x00000000d5a00000,0x00000000d5c80000)
 ParOldGen       total 636928K, used 152518K [0x0000000080000000, 0x00000000a6e00000, 0x00000000d5580000)
  object space 636928K, 23% used [0x0000000080000000,0x00000000894f1b48,0x00000000a6e00000)
 Metaspace       used 80116K, committed 81920K, reserved 1179648K
  class space    used 8269K, committed 9088K, reserved 1048576K
}
Event: 1439.131 GC heap after
{Heap after GC invocations=689 (full 4):
 PSYoungGen      total 7168K, used 2560K [0x00000000d5580000, 0x00000000d6900000, 0x0000000100000000)
  eden space 4608K, 0% used [0x00000000d5580000,0x00000000d5580000,0x00000000d5a00000)
  from space 2560K, 100% used [0x00000000d5a00000,0x00000000d5c80000,0x00000000d5c80000)
  to   space 7680K, 0% used [0x00000000d6180000,0x00000000d6180000,0x00000000d6900000)
 ParOldGen       total 636928K, used 156782K [0x0000000080000000, 0x00000000a6e00000, 0x00000000d5580000)
  object space 636928K, 24% used [0x0000000080000000,0x000000008991bb48,0x00000000a6e00000)
 Metaspace       used 80116K, committed 81920K, reserved 1179648K
  class space    used 8269K, committed 9088K, reserved 1048576K
}
Event: 1439.189 GC heap before
{Heap before GC invocations=690 (full 4):
 PSYoungGen      total 7168K, used 7153K [0x00000000d5580000, 0x00000000d6900000, 0x0000000100000000)
  eden space 4608K, 99% used [0x00000000d5580000,0x00000000d59fc460,0x00000000d5a00000)
  from space 2560K, 100% used [0x00000000d5a00000,0x00000000d5c80000,0x00000000d5c80000)
  to   space 7680K, 0% used [0x00000000d6180000,0x00000000d6180000,0x00000000d6900000)
 ParOldGen       total 636928K, used 156782K [0x0000000080000000, 0x00000000a6e00000, 0x00000000d5580000)
  object space 636928K, 24% used [0x0000000080000000,0x000000008991bb48,0x00000000a6e00000)
 Metaspace       used 80116K, committed 81920K, reserved 1179648K
  class space    used 8269K, committed 9088K, reserved 1048576K
}
Event: 1439.242 GC heap after
{Heap after GC invocations=690 (full 4):
 PSYoungGen      total 10240K, used 4596K [0x00000000d5580000, 0x00000000d6600000, 0x0000000100000000)
  eden space 5632K, 0% used [0x00000000d5580000,0x00000000d5580000,0x00000000d5b00000)
  from space 4608K, 99% used [0x00000000d6180000,0x00000000d65fd240,0x00000000d6600000)
  to   space 5632K, 0% used [0x00000000d5b00000,0x00000000d5b00000,0x00000000d6080000)
 ParOldGen       total 636928K, used 159382K [0x0000000080000000, 0x00000000a6e00000, 0x00000000d5580000)
  object space 636928K, 25% used [0x0000000080000000,0x0000000089ba5b48,0x00000000a6e00000)
 Metaspace       used 80116K, committed 81920K, reserved 1179648K
  class space    used 8269K, committed 9088K, reserved 1048576K
}
Event: 1442.349 GC heap before
{Heap before GC invocations=691 (full 4):
 PSYoungGen      total 10240K, used 10228K [0x00000000d5580000, 0x00000000d6600000, 0x0000000100000000)
  eden space 5632K, 100% used [0x00000000d5580000,0x00000000d5b00000,0x00000000d5b00000)
  from space 4608K, 99% used [0x00000000d6180000,0x00000000d65fd240,0x00000000d6600000)
  to   space 5632K, 0% used [0x00000000d5b00000,0x00000000d5b00000,0x00000000d6080000)
 ParOldGen       total 636928K, used 159382K [0x0000000080000000, 0x00000000a6e00000, 0x00000000d5580000)
  object space 636928K, 25% used [0x0000000080000000,0x0000000089ba5b48,0x00000000a6e00000)
 Metaspace       used 80116K, committed 81920K, reserved 1179648K
  class space    used 8269K, committed 9088K, reserved 1048576K
}
Event: 1442.407 GC heap after
{Heap after GC invocations=691 (full 4):
 PSYoungGen      total 10240K, used 4409K [0x00000000d5580000, 0x00000000d6400000, 0x0000000100000000)
  eden space 5632K, 0% used [0x00000000d5580000,0x00000000d5580000,0x00000000d5b00000)
  from space 4608K, 95% used [0x00000000d5b00000,0x00000000d5f4e630,0x00000000d5f80000)
  to   space 4608K, 0% used [0x00000000d5f80000,0x00000000d5f80000,0x00000000d6400000)
 ParOldGen       total 636928K, used 163910K [0x0000000080000000, 0x00000000a6e00000, 0x00000000d5580000)
  object space 636928K, 25% used [0x0000000080000000,0x000000008a011b48,0x00000000a6e00000)
 Metaspace       used 80116K, committed 81920K, reserved 1179648K
  class space    used 8269K, committed 9088K, reserved 1048576K
}
Event: 1442.793 GC heap before
{Heap before GC invocations=692 (full 4):
 PSYoungGen      total 10240K, used 10041K [0x00000000d5580000, 0x00000000d6400000, 0x0000000100000000)
  eden space 5632K, 100% used [0x00000000d5580000,0x00000000d5b00000,0x00000000d5b00000)
  from space 4608K, 95% used [0x00000000d5b00000,0x00000000d5f4e630,0x00000000d5f80000)
  to   space 4608K, 0% used [0x00000000d5f80000,0x00000000d5f80000,0x00000000d6400000)
 ParOldGen       total 636928K, used 163910K [0x0000000080000000, 0x00000000a6e00000, 0x00000000d5580000)
  object space 636928K, 25% used [0x0000000080000000,0x000000008a011b48,0x00000000a6e00000)
 Metaspace       used 80116K, committed 81920K, reserved 1179648K
  class space    used 8269K, committed 9088K, reserved 1048576K
}
Event: 1442.810 GC heap after
{Heap after GC invocations=692 (full 4):
 PSYoungGen      total 5120K, used 4608K [0x00000000d5580000, 0x00000000d7100000, 0x0000000100000000)
  eden space 512K, 0% used [0x00000000d5580000,0x00000000d5580000,0x00000000d5600000)
  from space 4608K, 100% used [0x00000000d5f80000,0x00000000d6400000,0x00000000d6400000)
  to   space 9728K, 0% used [0x00000000d5600000,0x00000000d5600000,0x00000000d5f80000)
 ParOldGen       total 636928K, used 169296K [0x0000000080000000, 0x00000000a6e00000, 0x00000000d5580000)
  object space 636928K, 26% used [0x0000000080000000,0x000000008a554178,0x00000000a6e00000)
 Metaspace       used 80116K, committed 81920K, reserved 1179648K
  class space    used 8269K, committed 9088K, reserved 1048576K
}
Event: 1442.822 GC heap before
{Heap before GC invocations=693 (full 4):
 PSYoungGen      total 5120K, used 5120K [0x00000000d5580000, 0x00000000d7100000, 0x0000000100000000)
  eden space 512K, 100% used [0x00000000d5580000,0x00000000d5600000,0x00000000d5600000)
  from space 4608K, 100% used [0x00000000d5f80000,0x00000000d6400000,0x00000000d6400000)
  to   space 9728K, 0% used [0x00000000d5600000,0x00000000d5600000,0x00000000d5f80000)
 ParOldGen       total 636928K, used 169296K [0x0000000080000000, 0x00000000a6e00000, 0x00000000d5580000)
  object space 636928K, 26% used [0x0000000080000000,0x000000008a554178,0x00000000a6e00000)
 Metaspace       used 80116K, committed 81920K, reserved 1179648K
  class space    used 8269K, committed 9088K, reserved 1048576K
}
Event: 1442.831 GC heap after
{Heap after GC invocations=693 (full 4):
 PSYoungGen      total 1024K, used 512K [0x00000000d5580000, 0x00000000d6000000, 0x0000000100000000)
  eden space 512K, 0% used [0x00000000d5580000,0x00000000d5580000,0x00000000d5600000)
  from space 512K, 100% used [0x00000000d5600000,0x00000000d5680000,0x00000000d5680000)
  to   space 4096K, 0% used [0x00000000d5c00000,0x00000000d5c00000,0x00000000d6000000)
 ParOldGen       total 636928K, used 173960K [0x0000000080000000, 0x00000000a6e00000, 0x00000000d5580000)
  object space 636928K, 27% used [0x0000000080000000,0x000000008a9e2178,0x00000000a6e00000)
 Metaspace       used 80116K, committed 81920K, reserved 1179648K
  class space    used 8269K, committed 9088K, reserved 1048576K
}
Event: 1442.842 GC heap before
{Heap before GC invocations=694 (full 4):
 PSYoungGen      total 1024K, used 1023K [0x00000000d5580000, 0x00000000d6000000, 0x0000000100000000)
  eden space 512K, 99% used [0x00000000d5580000,0x00000000d55ffff8,0x00000000d5600000)
  from space 512K, 100% used [0x00000000d5600000,0x00000000d5680000,0x00000000d5680000)
  to   space 4096K, 0% used [0x00000000d5c00000,0x00000000d5c00000,0x00000000d6000000)
 ParOldGen       total 636928K, used 173960K [0x0000000080000000, 0x00000000a6e00000, 0x00000000d5580000)
  object space 636928K, 27% used [0x0000000080000000,0x000000008a9e2178,0x00000000a6e00000)
 Metaspace       used 80116K, committed 81920K, reserved 1179648K
  class space    used 8269K, committed 9088K, reserved 1048576K
}
Event: 1442.845 GC heap after
{Heap after GC invocations=694 (full 4):
 PSYoungGen      total 2048K, used 544K [0x00000000d5580000, 0x00000000d5d00000, 0x0000000100000000)
  eden space 1024K, 0% used [0x00000000d5580000,0x00000000d5580000,0x00000000d5680000)
  from space 1024K, 53% used [0x00000000d5c00000,0x00000000d5c88000,0x00000000d5d00000)
  to   space 1536K, 0% used [0x00000000d5a00000,0x00000000d5a00000,0x00000000d5b80000)
 ParOldGen       total 636928K, used 174456K [0x0000000080000000, 0x00000000a6e00000, 0x00000000d5580000)
  object space 636928K, 27% used [0x0000000080000000,0x000000008aa5e178,0x00000000a6e00000)
 Metaspace       used 80116K, committed 81920K, reserved 1179648K
  class space    used 8269K, committed 9088K, reserved 1048576K
}
Event: 1442.855 GC heap before
{Heap before GC invocations=695 (full 4):
 PSYoungGen      total 2048K, used 1464K [0x00000000d5580000, 0x00000000d5d00000, 0x0000000100000000)
  eden space 1024K, 89% used [0x00000000d5580000,0x00000000d5666058,0x00000000d5680000)
  from space 1024K, 53% used [0x00000000d5c00000,0x00000000d5c88000,0x00000000d5d00000)
  to   space 1536K, 0% used [0x00000000d5a00000,0x00000000d5a00000,0x00000000d5b80000)
 ParOldGen       total 636928K, used 174456K [0x0000000080000000, 0x00000000a6e00000, 0x00000000d5580000)
  object space 636928K, 27% used [0x0000000080000000,0x000000008aa5e178,0x00000000a6e00000)
 Metaspace       used 80116K, committed 81920K, reserved 1179648K
  class space    used 8269K, committed 9088K, reserved 1048576K
}
Event: 1442.860 GC heap after
{Heap after GC invocations=695 (full 4):
 PSYoungGen      total 3072K, used 784K [0x00000000d5580000, 0x00000000d5c80000, 0x0000000100000000)
  eden space 1536K, 0% used [0x00000000d5580000,0x00000000d5580000,0x00000000d5700000)
  from space 1536K, 51% used [0x00000000d5a00000,0x00000000d5ac4000,0x00000000d5b80000)
  to   space 1024K, 0% used [0x00000000d5b80000,0x00000000d5b80000,0x00000000d5c80000)
 ParOldGen       total 636928K, used 174952K [0x0000000080000000, 0x00000000a6e00000, 0x00000000d5580000)
  object space 636928K, 27% used [0x0000000080000000,0x000000008aada178,0x00000000a6e00000)
 Metaspace       used 80116K, committed 81920K, reserved 1179648K
  class space    used 8269K, committed 9088K, reserved 1048576K
}
Event: 1442.883 GC heap before
{Heap before GC invocations=696 (full 4):
 PSYoungGen      total 3072K, used 2320K [0x00000000d5580000, 0x00000000d5c80000, 0x0000000100000000)
  eden space 1536K, 100% used [0x00000000d5580000,0x00000000d5700000,0x00000000d5700000)
  from space 1536K, 51% used [0x00000000d5a00000,0x00000000d5ac4000,0x00000000d5b80000)
  to   space 1024K, 0% used [0x00000000d5b80000,0x00000000d5b80000,0x00000000d5c80000)
 ParOldGen       total 636928K, used 174952K [0x0000000080000000, 0x00000000a6e00000, 0x00000000d5580000)
  object space 636928K, 27% used [0x0000000080000000,0x000000008aada178,0x00000000a6e00000)
 Metaspace       used 80116K, committed 81920K, reserved 1179648K
  class space    used 8269K, committed 9088K, reserved 1048576K
}
Event: 1442.889 GC heap after
{Heap after GC invocations=696 (full 4):
 PSYoungGen      total 3072K, used 1024K [0x00000000d5580000, 0x00000000d5c80000, 0x0000000100000000)
  eden space 2048K, 0% used [0x00000000d5580000,0x00000000d5580000,0x00000000d5780000)
  from space 1024K, 100% used [0x00000000d5b80000,0x00000000d5c80000,0x00000000d5c80000)
  to   space 2048K, 0% used [0x00000000d5880000,0x00000000d5880000,0x00000000d5a80000)
 ParOldGen       total 636928K, used 175696K [0x0000000080000000, 0x00000000a6e00000, 0x00000000d5580000)
  object space 636928K, 27% used [0x0000000080000000,0x000000008ab94178,0x00000000a6e00000)
 Metaspace       used 80116K, committed 81920K, reserved 1179648K
  class space    used 8269K, committed 9088K, reserved 1048576K
}
Event: 1742.213 GC heap before
{Heap before GC invocations=697 (full 4):
 PSYoungGen      total 3072K, used 3072K [0x00000000d5580000, 0x00000000d5c80000, 0x0000000100000000)
  eden space 2048K, 100% used [0x00000000d5580000,0x00000000d5780000,0x00000000d5780000)
  from space 1024K, 100% used [0x00000000d5b80000,0x00000000d5c80000,0x00000000d5c80000)
  to   space 2048K, 0% used [0x00000000d5880000,0x00000000d5880000,0x00000000d5a80000)
 ParOldGen       total 636928K, used 175696K [0x0000000080000000, 0x00000000a6e00000, 0x00000000d5580000)
  object space 636928K, 27% used [0x0000000080000000,0x000000008ab94178,0x00000000a6e00000)
 Metaspace       used 80139K, committed 81920K, reserved 1179648K
  class space    used 8269K, committed 9088K, reserved 1048576K
}
Event: 1742.383 GC heap after
{Heap after GC invocations=697 (full 4):
 PSYoungGen      total 4096K, used 320K [0x00000000d5580000, 0x00000000d5c00000, 0x0000000100000000)
  eden space 2048K, 0% used [0x00000000d5580000,0x00000000d5580000,0x00000000d5780000)
  from space 2048K, 15% used [0x00000000d5880000,0x00000000d58d0000,0x00000000d5a80000)
  to   space 1024K, 0% used [0x00000000d5b00000,0x00000000d5b00000,0x00000000d5c00000)
 ParOldGen       total 636928K, used 176736K [0x0000000080000000, 0x00000000a6e00000, 0x00000000d5580000)
  object space 636928K, 27% used [0x0000000080000000,0x000000008ac98178,0x00000000a6e00000)
 Metaspace       used 80139K, committed 81920K, reserved 1179648K
  class space    used 8269K, committed 9088K, reserved 1048576K
}

