# JRE version: OpenJDK Runtime Environment Temurin-21.0.11+10 (21.0.11+10) (build 21.0.11+10-LTS)
# Java VM: OpenJDK 64-Bit Server VM Temurin-21.0.11+10 (21.0.11+10-LTS, mixed mode, sharing, tiered, compressed oops, compressed class ptrs, parallel gc, windows-amd64)
GC Precious Log:
 CardTable entry size: 512
 CPUs: 4 total, 4 available
 Memory: 3463M
 Large Page Support: Disabled
 NUMA Support: Disabled
 Compressed Oops: Enabled (32-bit)
 Alignments: Space 512K, Generation 512K, Heap 2M
 Heap Min Capacity: 100M
 Heap Initial Capacity: 100M
 Heap Max Capacity: 2G
 Pre-touch: Disabled
 Parallel Workers: 4
Heap:
 PSYoungGen      total 7168K, used 2578K [0x00000000d5580000, 0x00000000d6200000, 0x0000000100000000)
  eden space 6144K, 29% used [0x00000000d5580000,0x00000000d5743920,0x00000000d5b80000)
  from space 1024K, 75% used [0x00000000d5c80000,0x00000000d5d41210,0x00000000d5d80000)
  to   space 2048K, 0% used [0x00000000d6000000,0x00000000d6000000,0x00000000d6200000)
 ParOldGen       total 254464K, used 254233K [0x0000000080000000, 0x000000008f880000, 0x00000000d5580000)
  object space 254464K, 99% used [0x0000000080000000,0x000000008f8467b8,0x000000008f880000)
 Metaspace       used 79346K, committed 81088K, reserved 1179648K
  class space    used 8270K, committed 9024K, reserved 1048576K
GC Heap History (20 events):
Event: 1118.523 GC heap before
{Heap before GC invocations=273 (full 3):
 PSYoungGen      total 9216K, used 9205K [0x00000000d5580000, 0x00000000d6880000, 0x0000000100000000)
  eden space 6144K, 100% used [0x00000000d5580000,0x00000000d5b80000,0x00000000d5b80000)
  from space 3072K, 99% used [0x00000000d5d80000,0x00000000d607d420,0x00000000d6080000)
  to   space 6656K, 0% used [0x00000000d6200000,0x00000000d6200000,0x00000000d6880000)
 ParOldGen       total 236032K, used 235566K [0x0000000080000000, 0x000000008e680000, 0x00000000d5580000)
  object space 236032K, 99% used [0x0000000080000000,0x000000008e60b9e0,0x000000008e680000)
 Metaspace       used 78608K, committed 80320K, reserved 1179648K
  class space    used 8254K, committed 9024K, reserved 1048576K
}
Event: 1118.528 GC heap after
{Heap after GC invocations=273 (full 3):
 PSYoungGen      total 8704K, used 2411K [0x00000000d5580000, 0x00000000d6480000, 0x0000000100000000)
  eden space 6144K, 0% used [0x00000000d5580000,0x00000000d5580000,0x00000000d5b80000)
  from space 2560K, 94% used [0x00000000d6200000,0x00000000d645afb0,0x00000000d6480000)
  to   space 3584K, 0% used [0x00000000d5d80000,0x00000000d5d80000,0x00000000d6100000)
 ParOldGen       total 239104K, used 238634K [0x0000000080000000, 0x000000008e980000, 0x00000000d5580000)
  object space 239104K, 99% used [0x0000000080000000,0x000000008e90aa40,0x000000008e980000)
 Metaspace       used 78608K, committed 80320K, reserved 1179648K
  class space    used 8254K, committed 9024K, reserved 1048576K
}
Event: 1119.860 GC heap before
{Heap before GC invocations=274 (full 3):
 PSYoungGen      total 8704K, used 8555K [0x00000000d5580000, 0x00000000d6480000, 0x0000000100000000)
  eden space 6144K, 100% used [0x00000000d5580000,0x00000000d5b80000,0x00000000d5b80000)
  from space 2560K, 94% used [0x00000000d6200000,0x00000000d645afb0,0x00000000d6480000)
  to   space 3584K, 0% used [0x00000000d5d80000,0x00000000d5d80000,0x00000000d6100000)
 ParOldGen       total 239104K, used 238634K [0x0000000080000000, 0x000000008e980000, 0x00000000d5580000)
  object space 239104K, 99% used [0x0000000080000000,0x000000008e90aa40,0x000000008e980000)
 Metaspace       used 78702K, committed 80448K, reserved 1179648K
  class space    used 8254K, committed 9024K, reserved 1048576K
}
Event: 1119.866 GC heap after
{Heap after GC invocations=274 (full 3):
 PSYoungGen      total 7680K, used 1092K [0x00000000d5580000, 0x00000000d6280000, 0x0000000100000000)
  eden space 6144K, 0% used [0x00000000d5580000,0x00000000d5580000,0x00000000d5b80000)
  from space 1536K, 71% used [0x00000000d5d80000,0x00000000d5e91210,0x00000000d5f00000)
  to   space 2048K, 0% used [0x00000000d6080000,0x00000000d6080000,0x00000000d6280000)
 ParOldGen       total 239616K, used 239512K [0x0000000080000000, 0x000000008ea00000, 0x00000000d5580000)
  object space 239616K, 99% used [0x0000000080000000,0x000000008e9e6010,0x000000008ea00000)
 Metaspace       used 78702K, committed 80448K, reserved 1179648K
  class space    used 8254K, committed 9024K, reserved 1048576K
}
Event: 1119.978 GC heap before
{Heap before GC invocations=275 (full 3):
 PSYoungGen      total 7680K, used 6628K [0x00000000d5580000, 0x00000000d6280000, 0x0000000100000000)
  eden space 6144K, 90% used [0x00000000d5580000,0x00000000d5ae7fb0,0x00000000d5b80000)
  from space 1536K, 71% used [0x00000000d5d80000,0x00000000d5e91210,0x00000000d5f00000)
  to   space 2048K, 0% used [0x00000000d6080000,0x00000000d6080000,0x00000000d6280000)
 ParOldGen       total 239616K, used 239512K [0x0000000080000000, 0x000000008ea00000, 0x00000000d5580000)
  object space 239616K, 99% used [0x0000000080000000,0x000000008e9e6010,0x000000008ea00000)
 Metaspace       used 78792K, committed 80512K, reserved 1179648K
  class space    used 8254K, committed 9024K, reserved 1048576K
}
Event: 1119.982 GC heap after
{Heap after GC invocations=275 (full 3):
 PSYoungGen      total 8192K, used 2025K [0x00000000d5580000, 0x00000000d6380000, 0x0000000100000000)
  eden space 6144K, 0% used [0x00000000d5580000,0x00000000d5580000,0x00000000d5b80000)
  from space 2048K, 98% used [0x00000000d6080000,0x00000000d627a688,0x00000000d6280000)
  to   space 4096K, 0% used [0x00000000d5b80000,0x00000000d5b80000,0x00000000d5f80000)
 ParOldGen       total 241152K, used 240791K [0x0000000080000000, 0x000000008eb80000, 0x00000000d5580000)
  object space 241152K, 99% used [0x0000000080000000,0x000000008eb25e28,0x000000008eb80000)
 Metaspace       used 78792K, committed 80512K, reserved 1179648K
  class space    used 8254K, committed 9024K, reserved 1048576K
}
Event: 1120.124 GC heap before
{Heap before GC invocations=276 (full 3):
 PSYoungGen      total 8192K, used 8152K [0x00000000d5580000, 0x00000000d6380000, 0x0000000100000000)
  eden space 6144K, 99% used [0x00000000d5580000,0x00000000d5b7bc08,0x00000000d5b80000)
  from space 2048K, 98% used [0x00000000d6080000,0x00000000d627a688,0x00000000d6280000)
  to   space 4096K, 0% used [0x00000000d5b80000,0x00000000d5b80000,0x00000000d5f80000)
 ParOldGen       total 241152K, used 240791K [0x0000000080000000, 0x000000008eb80000, 0x00000000d5580000)
  object space 241152K, 99% used [0x0000000080000000,0x000000008eb25e28,0x000000008eb80000)
 Metaspace       used 78813K, committed 80576K, reserved 1179648K
  class space    used 8258K, committed 9024K, reserved 1048576K
}
Event: 1120.130 GC heap after
{Heap after GC invocations=276 (full 3):
 PSYoungGen      total 10240K, used 4085K [0x00000000d5580000, 0x00000000d6980000, 0x0000000100000000)
  eden space 6144K, 0% used [0x00000000d5580000,0x00000000d5580000,0x00000000d5b80000)
  from space 4096K, 99% used [0x00000000d5b80000,0x00000000d5f7d5c0,0x00000000d5f80000)
  to   space 7168K, 0% used [0x00000000d6280000,0x00000000d6280000,0x00000000d6980000)
 ParOldGen       total 243200K, used 242895K [0x0000000080000000, 0x000000008ed80000, 0x00000000d5580000)
  object space 243200K, 99% used [0x0000000080000000,0x000000008ed33e30,0x000000008ed80000)
 Metaspace       used 78813K, committed 80576K, reserved 1179648K
  class space    used 8258K, committed 9024K, reserved 1048576K
}
Event: 1120.392 GC heap before
{Heap before GC invocations=277 (full 3):
 PSYoungGen      total 10240K, used 10229K [0x00000000d5580000, 0x00000000d6980000, 0x0000000100000000)
  eden space 6144K, 100% used [0x00000000d5580000,0x00000000d5b80000,0x00000000d5b80000)
  from space 4096K, 99% used [0x00000000d5b80000,0x00000000d5f7d5c0,0x00000000d5f80000)
  to   space 7168K, 0% used [0x00000000d6280000,0x00000000d6280000,0x00000000d6980000)
 ParOldGen       total 243200K, used 242895K [0x0000000080000000, 0x000000008ed80000, 0x00000000d5580000)
  object space 243200K, 99% used [0x0000000080000000,0x000000008ed33e30,0x000000008ed80000)
 Metaspace       used 78884K, committed 80640K, reserved 1179648K
  class space    used 8260K, committed 9024K, reserved 1048576K
}
Event: 1120.401 GC heap after
{Heap after GC invocations=277 (full 3):
 PSYoungGen      total 8192K, used 1607K [0x00000000d5580000, 0x00000000d6480000, 0x0000000100000000)
  eden space 6144K, 0% used [0x00000000d5580000,0x00000000d5580000,0x00000000d5b80000)
  from space 2048K, 78% used [0x00000000d6280000,0x00000000d6411ff0,0x00000000d6480000)
  to   space 3584K, 0% used [0x00000000d5d80000,0x00000000d5d80000,0x00000000d6100000)
 ParOldGen       total 247296K, used 246895K [0x0000000080000000, 0x000000008f180000, 0x00000000d5580000)
  object space 247296K, 99% used [0x0000000080000000,0x000000008f11bed0,0x000000008f180000)
 Metaspace       used 78884K, committed 80640K, reserved 1179648K
  class space    used 8260K, committed 9024K, reserved 1048576K
}
Event: 1121.316 GC heap before
{Heap before GC invocations=278 (full 3):
 PSYoungGen      total 8192K, used 7751K [0x00000000d5580000, 0x00000000d6480000, 0x0000000100000000)
  eden space 6144K, 100% used [0x00000000d5580000,0x00000000d5b80000,0x00000000d5b80000)
  from space 2048K, 78% used [0x00000000d6280000,0x00000000d6411ff0,0x00000000d6480000)
  to   space 3584K, 0% used [0x00000000d5d80000,0x00000000d5d80000,0x00000000d6100000)
 ParOldGen       total 247296K, used 246895K [0x0000000080000000, 0x000000008f180000, 0x00000000d5580000)
  object space 247296K, 99% used [0x0000000080000000,0x000000008f11bed0,0x000000008f180000)
 Metaspace       used 79004K, committed 80768K, reserved 1179648K
  class space    used 8261K, committed 9024K, reserved 1048576K
}
Event: 1121.326 GC heap after
{Heap after GC invocations=278 (full 3):
 PSYoungGen      total 9728K, used 468K [0x00000000d5580000, 0x00000000d6300000, 0x0000000100000000)
  eden space 6144K, 0% used [0x00000000d5580000,0x00000000d5580000,0x00000000d5b80000)
  from space 3584K, 13% used [0x00000000d5d80000,0x00000000d5df5200,0x00000000d6100000)
  to   space 1536K, 0% used [0x00000000d6180000,0x00000000d6180000,0x00000000d6300000)
 ParOldGen       total 248320K, used 248037K [0x0000000080000000, 0x000000008f280000, 0x00000000d5580000)
  object space 248320K, 99% used [0x0000000080000000,0x000000008f2395f0,0x000000008f280000)
 Metaspace       used 79004K, committed 80768K, reserved 1179648K
  class space    used 8261K, committed 9024K, reserved 1048576K
}
Event: 1121.715 GC heap before
{Heap before GC invocations=279 (full 3):
 PSYoungGen      total 9728K, used 6612K [0x00000000d5580000, 0x00000000d6300000, 0x0000000100000000)
  eden space 6144K, 100% used [0x00000000d5580000,0x00000000d5b80000,0x00000000d5b80000)
  from space 3584K, 13% used [0x00000000d5d80000,0x00000000d5df5200,0x00000000d6100000)
  to   space 1536K, 0% used [0x00000000d6180000,0x00000000d6180000,0x00000000d6300000)
 ParOldGen       total 248320K, used 248037K [0x0000000080000000, 0x000000008f280000, 0x00000000d5580000)
  object space 248320K, 99% used [0x0000000080000000,0x000000008f2395f0,0x000000008f280000)
 Metaspace       used 79121K, committed 80832K, reserved 1179648K
  class space    used 8264K, committed 9024K, reserved 1048576K
}
Event: 1121.718 GC heap after
{Heap after GC invocations=279 (full 3):
 PSYoungGen      total 7680K, used 1188K [0x00000000d5580000, 0x00000000d6300000, 0x0000000100000000)
  eden space 6144K, 0% used [0x00000000d5580000,0x00000000d5580000,0x00000000d5b80000)
  from space 1536K, 77% used [0x00000000d6180000,0x00000000d62a9210,0x00000000d6300000)
  to   space 1536K, 0% used [0x00000000d6000000,0x00000000d6000000,0x00000000d6180000)
 ParOldGen       total 248320K, used 248288K [0x0000000080000000, 0x000000008f280000, 0x00000000d5580000)
  object space 248320K, 99% used [0x0000000080000000,0x000000008f278040,0x000000008f280000)
 Metaspace       used 79121K, committed 80832K, reserved 1179648K
  class space    used 8264K, committed 9024K, reserved 1048576K
}
Event: 1121.996 GC heap before
{Heap before GC invocations=280 (full 3):
 PSYoungGen      total 7680K, used 7287K [0x00000000d5580000, 0x00000000d6300000, 0x0000000100000000)
  eden space 6144K, 99% used [0x00000000d5580000,0x00000000d5b74af0,0x00000000d5b80000)
  from space 1536K, 77% used [0x00000000d6180000,0x00000000d62a9210,0x00000000d6300000)
  to   space 1536K, 0% used [0x00000000d6000000,0x00000000d6000000,0x00000000d6180000)
 ParOldGen       total 248320K, used 248288K [0x0000000080000000, 0x000000008f280000, 0x00000000d5580000)
  object space 248320K, 99% used [0x0000000080000000,0x000000008f278040,0x000000008f280000)
 Metaspace       used 79129K, committed 80896K, reserved 1179648K
  class space    used 8266K, committed 9024K, reserved 1048576K
}
Event: 1122.000 GC heap after
{Heap after GC invocations=280 (full 3):
 PSYoungGen      total 7680K, used 1530K [0x00000000d5580000, 0x00000000d6780000, 0x0000000100000000)
  eden space 6144K, 0% used [0x00000000d5580000,0x00000000d5580000,0x00000000d5b80000)
  from space 1536K, 99% used [0x00000000d6000000,0x00000000d617ebe0,0x00000000d6180000)
  to   space 6144K, 0% used [0x00000000d6180000,0x00000000d6180000,0x00000000d6780000)
 ParOldGen       total 252416K, used 251956K [0x0000000080000000, 0x000000008f680000, 0x00000000d5580000)
  object space 252416K, 99% used [0x0000000080000000,0x000000008f60d248,0x000000008f680000)
 Metaspace       used 79129K, committed 80896K, reserved 1179648K
  class space    used 8266K, committed 9024K, reserved 1048576K
}
Event: 1122.319 GC heap before
{Heap before GC invocations=281 (full 3):
 PSYoungGen      total 7680K, used 7674K [0x00000000d5580000, 0x00000000d6780000, 0x0000000100000000)
  eden space 6144K, 100% used [0x00000000d5580000,0x00000000d5b80000,0x00000000d5b80000)
  from space 1536K, 99% used [0x00000000d6000000,0x00000000d617ebe0,0x00000000d6180000)
  to   space 6144K, 0% used [0x00000000d6180000,0x00000000d6180000,0x00000000d6780000)
 ParOldGen       total 252416K, used 251956K [0x0000000080000000, 0x000000008f680000, 0x00000000d5580000)
  object space 252416K, 99% used [0x0000000080000000,0x000000008f60d248,0x000000008f680000)
 Metaspace       used 79138K, committed 80896K, reserved 1179648K
  class space    used 8266K, committed 9024K, reserved 1048576K
}
Event: 1122.325 GC heap after
{Heap after GC invocations=281 (full 3):
 PSYoungGen      total 9216K, used 2751K [0x00000000d5580000, 0x00000000d6480000, 0x0000000100000000)
  eden space 6144K, 0% used [0x00000000d5580000,0x00000000d5580000,0x00000000d5b80000)
  from space 3072K, 89% used [0x00000000d6180000,0x00000000d642fd58,0x00000000d6480000)
  to   space 4096K, 0% used [0x00000000d5c80000,0x00000000d5c80000,0x00000000d6080000)
 ParOldGen       total 253952K, used 253485K [0x0000000080000000, 0x000000008f800000, 0x00000000d5580000)
  object space 253952K, 99% used [0x0000000080000000,0x000000008f78b570,0x000000008f800000)
 Metaspace       used 79138K, committed 80896K, reserved 1179648K
  class space    used 8266K, committed 9024K, reserved 1048576K
}
Event: 1122.939 GC heap before
{Heap before GC invocations=282 (full 3):
 PSYoungGen      total 9216K, used 8895K [0x00000000d5580000, 0x00000000d6480000, 0x0000000100000000)
  eden space 6144K, 100% used [0x00000000d5580000,0x00000000d5b80000,0x00000000d5b80000)
  from space 3072K, 89% used [0x00000000d6180000,0x00000000d642fd58,0x00000000d6480000)
  to   space 4096K, 0% used [0x00000000d5c80000,0x00000000d5c80000,0x00000000d6080000)
 ParOldGen       total 253952K, used 253485K [0x0000000080000000, 0x000000008f800000, 0x00000000d5580000)
  object space 253952K, 99% used [0x0000000080000000,0x000000008f78b570,0x000000008f800000)
 Metaspace       used 79243K, committed 80960K, reserved 1179648K
  class space    used 8269K, committed 9024K, reserved 1048576K
}
Event: 1122.942 GC heap after
{Heap after GC invocations=282 (full 3):
 PSYoungGen      total 7168K, used 772K [0x00000000d5580000, 0x00000000d6200000, 0x0000000100000000)
  eden space 6144K, 0% used [0x00000000d5580000,0x00000000d5580000,0x00000000d5b80000)
  from space 1024K, 75% used [0x00000000d5c80000,0x00000000d5d41210,0x00000000d5d80000)
  to   space 2048K, 0% used [0x00000000d6000000,0x00000000d6000000,0x00000000d6200000)
 ParOldGen       total 254464K, used 254233K [0x0000000080000000, 0x000000008f880000, 0x00000000d5580000)
  object space 254464K, 99% used [0x0000000080000000,0x000000008f8467b8,0x000000008f880000)
 Metaspace       used 79243K, committed 80960K, reserved 1179648K
  class space    used 8269K, committed 9024K, reserved 1048576K
}

