# JRE version: OpenJDK Runtime Environment Temurin-21.0.11+10 (21.0.11+10) (build 21.0.11+10-LTS)
# Java VM: OpenJDK 64-Bit Server VM Temurin-21.0.11+10 (21.0.11+10-LTS, mixed mode, sharing, tiered, compressed oops, compressed class ptrs, parallel gc, windows-amd64)
GC Precious Log:
 CardTable entry size: 512
 CPUs: 4 total, 4 available
 Memory: 3463M
 Large Page Support: Disabled
 NUMA Support: Disabled
 Compressed Oops: Enabled (32-bit)
 Alignments: Space 512K, Generation 512K, Heap 2M
 Heap Min Capacity: 100M
 Heap Initial Capacity: 100M
 Heap Max Capacity: 2G
 Pre-touch: Disabled
 Parallel Workers: 4
Heap:
 PSYoungGen      total 15360K, used 11571K [0x00000000d5580000, 0x00000000d6780000, 0x0000000100000000)
  eden space 13824K, 75% used [0x00000000d5580000,0x00000000d5fa2fa0,0x00000000d6300000)
  from space 1536K, 77% used [0x00000000d6500000,0x00000000d662a000,0x00000000d6680000)
  to   space 1024K, 0% used [0x00000000d6680000,0x00000000d6680000,0x00000000d6780000)
 ParOldGen       total 68608K, used 58260K [0x0000000080000000, 0x0000000084300000, 0x00000000d5580000)
  object space 68608K, 84% used [0x0000000080000000,0x00000000838e52b8,0x0000000084300000)
 Metaspace       used 56575K, committed 57920K, reserved 1114112K
  class space    used 6047K, committed 6656K, reserved 1048576K
GC Heap History (20 events):
Event: 40.237 GC heap before
{Heap before GC invocations=28 (full 2):
 PSYoungGen      total 23552K, used 23032K [0x00000000d5580000, 0x00000000d6e80000, 0x0000000100000000)
  eden space 21504K, 100% used [0x00000000d5580000,0x00000000d6a80000,0x00000000d6a80000)
  from space 2048K, 74% used [0x00000000d6a80000,0x00000000d6bfe200,0x00000000d6c80000)
  to   space 2048K, 0% used [0x00000000d6c80000,0x00000000d6c80000,0x00000000d6e80000)
 ParOldGen       total 68608K, used 39311K [0x0000000080000000, 0x0000000084300000, 0x00000000d5580000)
  object space 68608K, 57% used [0x0000000080000000,0x0000000082663d30,0x0000000084300000)
 Metaspace       used 48376K, committed 49664K, reserved 1114112K
  class space    used 5263K, committed 5888K, reserved 1048576K
}
Event: 40.250 GC heap after
{Heap after GC invocations=28 (full 2):
 PSYoungGen      total 15872K, used 2032K [0x00000000d5580000, 0x00000000d7d80000, 0x0000000100000000)
  eden space 13824K, 0% used [0x00000000d5580000,0x00000000d5580000,0x00000000d6300000)
  from space 2048K, 99% used [0x00000000d6c80000,0x00000000d6e7c258,0x00000000d6e80000)
  to   space 9728K, 0% used [0x00000000d6300000,0x00000000d6300000,0x00000000d6c80000)
 ParOldGen       total 68608K, used 45427K [0x0000000080000000, 0x0000000084300000, 0x00000000d5580000)
  object space 68608K, 66% used [0x0000000080000000,0x0000000082c5ce58,0x0000000084300000)
 Metaspace       used 48376K, committed 49664K, reserved 1114112K
  class space    used 5263K, committed 5888K, reserved 1048576K
}
Event: 40.935 GC heap before
{Heap before GC invocations=29 (full 2):
 PSYoungGen      total 15872K, used 15856K [0x00000000d5580000, 0x00000000d7d80000, 0x0000000100000000)
  eden space 13824K, 100% used [0x00000000d5580000,0x00000000d6300000,0x00000000d6300000)
  from space 2048K, 99% used [0x00000000d6c80000,0x00000000d6e7c258,0x00000000d6e80000)
  to   space 9728K, 0% used [0x00000000d6300000,0x00000000d6300000,0x00000000d6c80000)
 ParOldGen       total 68608K, used 45427K [0x0000000080000000, 0x0000000084300000, 0x00000000d5580000)
  object space 68608K, 66% used [0x0000000080000000,0x0000000082c5ce58,0x0000000084300000)
 Metaspace       used 50220K, committed 51584K, reserved 1114112K
  class space    used 5445K, committed 6080K, reserved 1048576K
}
Event: 40.943 GC heap after
{Heap after GC invocations=29 (full 2):
 PSYoungGen      total 14848K, used 811K [0x00000000d5580000, 0x00000000d6d00000, 0x0000000100000000)
  eden space 13824K, 0% used [0x00000000d5580000,0x00000000d5580000,0x00000000d6300000)
  from space 1024K, 79% used [0x00000000d6300000,0x00000000d63caeb8,0x00000000d6400000)
  to   space 3584K, 0% used [0x00000000d6980000,0x00000000d6980000,0x00000000d6d00000)
 ParOldGen       total 68608K, used 47366K [0x0000000080000000, 0x0000000084300000, 0x00000000d5580000)
  object space 68608K, 69% used [0x0000000080000000,0x0000000082e41880,0x0000000084300000)
 Metaspace       used 50220K, committed 51584K, reserved 1114112K
  class space    used 5445K, committed 6080K, reserved 1048576K
}
Event: 43.654 GC heap before
{Heap before GC invocations=30 (full 2):
 PSYoungGen      total 14848K, used 14635K [0x00000000d5580000, 0x00000000d6d00000, 0x0000000100000000)
  eden space 13824K, 100% used [0x00000000d5580000,0x00000000d6300000,0x00000000d6300000)
  from space 1024K, 79% used [0x00000000d6300000,0x00000000d63caeb8,0x00000000d6400000)
  to   space 3584K, 0% used [0x00000000d6980000,0x00000000d6980000,0x00000000d6d00000)
 ParOldGen       total 68608K, used 47366K [0x0000000080000000, 0x0000000084300000, 0x00000000d5580000)
  object space 68608K, 69% used [0x0000000080000000,0x0000000082e41880,0x0000000084300000)
 Metaspace       used 51505K, committed 52928K, reserved 1114112K
  class space    used 5610K, committed 6272K, reserved 1048576K
}
Event: 43.660 GC heap after
{Heap after GC invocations=30 (full 2):
 PSYoungGen      total 14848K, used 712K [0x00000000d5580000, 0x00000000d6a80000, 0x0000000100000000)
  eden space 13824K, 0% used [0x00000000d5580000,0x00000000d5580000,0x00000000d6300000)
  from space 1024K, 69% used [0x00000000d6980000,0x00000000d6a32318,0x00000000d6a80000)
  to   space 1536K, 0% used [0x00000000d6780000,0x00000000d6780000,0x00000000d6900000)
 ParOldGen       total 68608K, used 48031K [0x0000000080000000, 0x0000000084300000, 0x00000000d5580000)
  object space 68608K, 70% used [0x0000000080000000,0x0000000082ee7f88,0x0000000084300000)
 Metaspace       used 51505K, committed 52928K, reserved 1114112K
  class space    used 5610K, committed 6272K, reserved 1048576K
}
Event: 45.306 GC heap before
{Heap before GC invocations=31 (full 2):
 PSYoungGen      total 14848K, used 14536K [0x00000000d5580000, 0x00000000d6a80000, 0x0000000100000000)
  eden space 13824K, 100% used [0x00000000d5580000,0x00000000d6300000,0x00000000d6300000)
  from space 1024K, 69% used [0x00000000d6980000,0x00000000d6a32318,0x00000000d6a80000)
  to   space 1536K, 0% used [0x00000000d6780000,0x00000000d6780000,0x00000000d6900000)
 ParOldGen       total 68608K, used 48031K [0x0000000080000000, 0x0000000084300000, 0x00000000d5580000)
  object space 68608K, 70% used [0x0000000080000000,0x0000000082ee7f88,0x0000000084300000)
 Metaspace       used 52543K, committed 53952K, reserved 1114112K
  class space    used 5689K, committed 6336K, reserved 1048576K
}
Event: 45.310 GC heap after
{Heap after GC invocations=31 (full 2):
 PSYoungGen      total 15360K, used 352K [0x00000000d5580000, 0x00000000d6a00000, 0x0000000100000000)
  eden space 13824K, 0% used [0x00000000d5580000,0x00000000d5580000,0x00000000d6300000)
  from space 1536K, 22% used [0x00000000d6780000,0x00000000d67d8020,0x00000000d6900000)
  to   space 1024K, 0% used [0x00000000d6900000,0x00000000d6900000,0x00000000d6a00000)
 ParOldGen       total 68608K, used 48693K [0x0000000080000000, 0x0000000084300000, 0x00000000d5580000)
  object space 68608K, 70% used [0x0000000080000000,0x0000000082f8d4d8,0x0000000084300000)
 Metaspace       used 52543K, committed 53952K, reserved 1114112K
  class space    used 5689K, committed 6336K, reserved 1048576K
}
Event: 46.416 GC heap before
{Heap before GC invocations=32 (full 2):
 PSYoungGen      total 15360K, used 14176K [0x00000000d5580000, 0x00000000d6a00000, 0x0000000100000000)
  eden space 13824K, 100% used [0x00000000d5580000,0x00000000d6300000,0x00000000d6300000)
  from space 1536K, 22% used [0x00000000d6780000,0x00000000d67d8020,0x00000000d6900000)
  to   space 1024K, 0% used [0x00000000d6900000,0x00000000d6900000,0x00000000d6a00000)
 ParOldGen       total 68608K, used 48693K [0x0000000080000000, 0x0000000084300000, 0x00000000d5580000)
  object space 68608K, 70% used [0x0000000080000000,0x0000000082f8d4d8,0x0000000084300000)
 Metaspace       used 53416K, committed 54784K, reserved 1114112K
  class space    used 5774K, committed 6400K, reserved 1048576K
}
Event: 46.419 GC heap after
{Heap after GC invocations=32 (full 2):
 PSYoungGen      total 14848K, used 683K [0x00000000d5580000, 0x00000000d6a00000, 0x0000000100000000)
  eden space 13824K, 0% used [0x00000000d5580000,0x00000000d5580000,0x00000000d6300000)
  from space 1024K, 66% used [0x00000000d6900000,0x00000000d69aade0,0x00000000d6a00000)
  to   space 1024K, 0% used [0x00000000d6800000,0x00000000d6800000,0x00000000d6900000)
 ParOldGen       total 68608K, used 48981K [0x0000000080000000, 0x0000000084300000, 0x00000000d5580000)
  object space 68608K, 71% used [0x0000000080000000,0x0000000082fd54f8,0x0000000084300000)
 Metaspace       used 53416K, committed 54784K, reserved 1114112K
  class space    used 5774K, committed 6400K, reserved 1048576K
}
Event: 47.061 GC heap before
{Heap before GC invocations=33 (full 2):
 PSYoungGen      total 14848K, used 14507K [0x00000000d5580000, 0x00000000d6a00000, 0x0000000100000000)
  eden space 13824K, 100% used [0x00000000d5580000,0x00000000d6300000,0x00000000d6300000)
  from space 1024K, 66% used [0x00000000d6900000,0x00000000d69aade0,0x00000000d6a00000)
  to   space 1024K, 0% used [0x00000000d6800000,0x00000000d6800000,0x00000000d6900000)
 ParOldGen       total 68608K, used 48981K [0x0000000080000000, 0x0000000084300000, 0x00000000d5580000)
  object space 68608K, 71% used [0x0000000080000000,0x0000000082fd54f8,0x0000000084300000)
 Metaspace       used 53988K, committed 55360K, reserved 1114112K
  class space    used 5833K, committed 6464K, reserved 1048576K
}
Event: 47.066 GC heap after
{Heap after GC invocations=33 (full 2):
 PSYoungGen      total 14848K, used 1008K [0x00000000d5580000, 0x00000000d6d00000, 0x0000000100000000)
  eden space 13824K, 0% used [0x00000000d5580000,0x00000000d5580000,0x00000000d6300000)
  from space 1024K, 98% used [0x00000000d6800000,0x00000000d68fc148,0x00000000d6900000)
  to   space 4096K, 0% used [0x00000000d6900000,0x00000000d6900000,0x00000000d6d00000)
 ParOldGen       total 68608K, used 52362K [0x0000000080000000, 0x0000000084300000, 0x00000000d5580000)
  object space 68608K, 76% used [0x0000000080000000,0x0000000083322b40,0x0000000084300000)
 Metaspace       used 53988K, committed 55360K, reserved 1114112K
  class space    used 5833K, committed 6464K, reserved 1048576K
}
Event: 47.462 GC heap before
{Heap before GC invocations=34 (full 2):
 PSYoungGen      total 14848K, used 14832K [0x00000000d5580000, 0x00000000d6d00000, 0x0000000100000000)
  eden space 13824K, 100% used [0x00000000d5580000,0x00000000d6300000,0x00000000d6300000)
  from space 1024K, 98% used [0x00000000d6800000,0x00000000d68fc148,0x00000000d6900000)
  to   space 4096K, 0% used [0x00000000d6900000,0x00000000d6900000,0x00000000d6d00000)
 ParOldGen       total 68608K, used 52362K [0x0000000080000000, 0x0000000084300000, 0x00000000d5580000)
  object space 68608K, 76% used [0x0000000080000000,0x0000000083322b40,0x0000000084300000)
 Metaspace       used 54545K, committed 55936K, reserved 1114112K
  class space    used 5900K, committed 6528K, reserved 1048576K
}
Event: 47.471 GC heap after
{Heap after GC invocations=34 (full 2):
 PSYoungGen      total 16896K, used 2592K [0x00000000d5580000, 0x00000000d6c00000, 0x0000000100000000)
  eden space 13824K, 0% used [0x00000000d5580000,0x00000000d5580000,0x00000000d6300000)
  from space 3072K, 84% used [0x00000000d6900000,0x00000000d6b88020,0x00000000d6c00000)
  to   space 3584K, 0% used [0x00000000d6500000,0x00000000d6500000,0x00000000d6880000)
 ParOldGen       total 68608K, used 53371K [0x0000000080000000, 0x0000000084300000, 0x00000000d5580000)
  object space 68608K, 77% used [0x0000000080000000,0x000000008341eca8,0x0000000084300000)
 Metaspace       used 54545K, committed 55936K, reserved 1114112K
  class space    used 5900K, committed 6528K, reserved 1048576K
}
Event: 48.372 GC heap before
{Heap before GC invocations=35 (full 2):
 PSYoungGen      total 16896K, used 16416K [0x00000000d5580000, 0x00000000d6c00000, 0x0000000100000000)
  eden space 13824K, 100% used [0x00000000d5580000,0x00000000d6300000,0x00000000d6300000)
  from space 3072K, 84% used [0x00000000d6900000,0x00000000d6b88020,0x00000000d6c00000)
  to   space 3584K, 0% used [0x00000000d6500000,0x00000000d6500000,0x00000000d6880000)
 ParOldGen       total 68608K, used 53371K [0x0000000080000000, 0x0000000084300000, 0x00000000d5580000)
  object space 68608K, 77% used [0x0000000080000000,0x000000008341eca8,0x0000000084300000)
 Metaspace       used 55928K, committed 57280K, reserved 1114112K
  class space    used 6033K, committed 6656K, reserved 1048576K
}
Event: 48.380 GC heap after
{Heap after GC invocations=35 (full 2):
 PSYoungGen      total 15872K, used 1632K [0x00000000d5580000, 0x00000000d6980000, 0x0000000100000000)
  eden space 13824K, 0% used [0x00000000d5580000,0x00000000d5580000,0x00000000d6300000)
  from space 2048K, 79% used [0x00000000d6500000,0x00000000d6698020,0x00000000d6700000)
  to   space 2560K, 0% used [0x00000000d6700000,0x00000000d6700000,0x00000000d6980000)
 ParOldGen       total 68608K, used 55851K [0x0000000080000000, 0x0000000084300000, 0x00000000d5580000)
  object space 68608K, 81% used [0x0000000080000000,0x000000008368acc8,0x0000000084300000)
 Metaspace       used 55928K, committed 57280K, reserved 1114112K
  class space    used 6033K, committed 6656K, reserved 1048576K
}
Event: 48.905 GC heap before
{Heap before GC invocations=36 (full 2):
 PSYoungGen      total 15872K, used 15456K [0x00000000d5580000, 0x00000000d6980000, 0x0000000100000000)
  eden space 13824K, 100% used [0x00000000d5580000,0x00000000d6300000,0x00000000d6300000)
  from space 2048K, 79% used [0x00000000d6500000,0x00000000d6698020,0x00000000d6700000)
  to   space 2560K, 0% used [0x00000000d6700000,0x00000000d6700000,0x00000000d6980000)
 ParOldGen       total 68608K, used 55851K [0x0000000080000000, 0x0000000084300000, 0x00000000d5580000)
  object space 68608K, 81% used [0x0000000080000000,0x000000008368acc8,0x0000000084300000)
 Metaspace       used 56366K, committed 57664K, reserved 1114112K
  class space    used 6044K, committed 6656K, reserved 1048576K
}
Event: 48.913 GC heap after
{Heap after GC invocations=36 (full 2):
 PSYoungGen      total 14848K, used 928K [0x00000000d5580000, 0x00000000d6800000, 0x0000000100000000)
  eden space 13824K, 0% used [0x00000000d5580000,0x00000000d5580000,0x00000000d6300000)
  from space 1024K, 90% used [0x00000000d6700000,0x00000000d67e8000,0x00000000d6800000)
  to   space 1536K, 0% used [0x00000000d6500000,0x00000000d6500000,0x00000000d6680000)
 ParOldGen       total 68608K, used 57412K [0x0000000080000000, 0x0000000084300000, 0x00000000d5580000)
  object space 68608K, 83% used [0x0000000080000000,0x0000000083811110,0x0000000084300000)
 Metaspace       used 56366K, committed 57664K, reserved 1114112K
  class space    used 6044K, committed 6656K, reserved 1048576K
}
Event: 50.980 GC heap before
{Heap before GC invocations=37 (full 2):
 PSYoungGen      total 14848K, used 14752K [0x00000000d5580000, 0x00000000d6800000, 0x0000000100000000)
  eden space 13824K, 100% used [0x00000000d5580000,0x00000000d6300000,0x00000000d6300000)
  from space 1024K, 90% used [0x00000000d6700000,0x00000000d67e8000,0x00000000d6800000)
  to   space 1536K, 0% used [0x00000000d6500000,0x00000000d6500000,0x00000000d6680000)
 ParOldGen       total 68608K, used 57412K [0x0000000080000000, 0x0000000084300000, 0x00000000d5580000)
  object space 68608K, 83% used [0x0000000080000000,0x0000000083811110,0x0000000084300000)
 Metaspace       used 56509K, committed 57920K, reserved 1114112K
  class space    used 6045K, committed 6656K, reserved 1048576K
}
Event: 50.988 GC heap after
{Heap after GC invocations=37 (full 2):
 PSYoungGen      total 15360K, used 1192K [0x00000000d5580000, 0x00000000d6780000, 0x0000000100000000)
  eden space 13824K, 0% used [0x00000000d5580000,0x00000000d5580000,0x00000000d6300000)
  from space 1536K, 77% used [0x00000000d6500000,0x00000000d662a000,0x00000000d6680000)
  to   space 1024K, 0% used [0x00000000d6680000,0x00000000d6680000,0x00000000d6780000)
 ParOldGen       total 68608K, used 58260K [0x0000000080000000, 0x0000000084300000, 0x00000000d5580000)
  object space 68608K, 84% used [0x0000000080000000,0x00000000838e52b8,0x0000000084300000)
 Metaspace       used 56509K, committed 57920K, reserved 1114112K
  class space    used 6045K, committed 6656K, reserved 1048576K
}

