# JRE version: OpenJDK Runtime Environment Temurin-21.0.11+10 (21.0.11+10) (build 21.0.11+10-LTS)
# Java VM: OpenJDK 64-Bit Server VM Temurin-21.0.11+10 (21.0.11+10-LTS, mixed mode, sharing, tiered, compressed oops, compressed class ptrs, parallel gc, windows-amd64)
GC Precious Log:
 CardTable entry size: 512
 CPUs: 4 total, 4 available
 Memory: 3463M
 Large Page Support: Disabled
 NUMA Support: Disabled
 Compressed Oops: Enabled (32-bit)
 Alignments: Space 512K, Generation 512K, Heap 2M
 Heap Min Capacity: 100M
 Heap Initial Capacity: 100M
 Heap Max Capacity: 2G
 Pre-touch: Disabled
 Parallel Workers: 4
Heap:
 PSYoungGen      total 4096K, used 1223K [0x00000000d5580000, 0x00000000d5c00000, 0x0000000100000000)
  eden space 3584K, 30% used [0x00000000d5580000,0x00000000d5691c18,0x00000000d5900000)
  from space 512K, 25% used [0x00000000d5b00000,0x00000000d5b20000,0x00000000d5b80000)
  to   space 512K, 0% used [0x00000000d5b80000,0x00000000d5b80000,0x00000000d5c00000)
 ParOldGen       total 665600K, used 665276K [0x0000000080000000, 0x00000000a8a00000, 0x00000000d5580000)
  object space 665600K, 99% used [0x0000000080000000,0x00000000a89af320,0x00000000a8a00000)
 Metaspace       used 80542K, committed 82368K, reserved 1179648K
  class space    used 8634K, committed 9472K, reserved 1048576K
GC Heap History (20 events):
Event: 1565.839 GC heap before
{Heap before GC invocations=655 (full 3):
 PSYoungGen      total 1536K, used 1119K [0x00000000d5580000, 0x00000000d5b80000, 0x0000000100000000)
  eden space 1024K, 99% used [0x00000000d5580000,0x00000000d567ffd8,0x00000000d5680000)
  from space 512K, 18% used [0x00000000d5680000,0x00000000d5698000,0x00000000d5700000)
  to   space 1536K, 0% used [0x00000000d5a00000,0x00000000d5a00000,0x00000000d5b80000)
 ParOldGen       total 657408K, used 657210K [0x0000000080000000, 0x00000000a8200000, 0x00000000d5580000)
  object space 657408K, 99% used [0x0000000080000000,0x00000000a81ceb90,0x00000000a8200000)
 Metaspace       used 79631K, committed 81408K, reserved 1179648K
  class space    used 8522K, committed 9280K, reserved 1048576K
}
Event: 1565.845 GC heap after
{Heap after GC invocations=655 (full 3):
 PSYoungGen      total 3072K, used 1045K [0x00000000d5580000, 0x00000000d5b80000, 0x0000000100000000)
  eden space 1536K, 0% used [0x00000000d5580000,0x00000000d5580000,0x00000000d5700000)
  from space 1536K, 68% used [0x00000000d5a00000,0x00000000d5b054b8,0x00000000d5b80000)
  to   space 1536K, 0% used [0x00000000d5880000,0x00000000d5880000,0x00000000d5a00000)
 ParOldGen       total 657408K, used 657250K [0x0000000080000000, 0x00000000a8200000, 0x00000000d5580000)
  object space 657408K, 99% used [0x0000000080000000,0x00000000a81d8b90,0x00000000a8200000)
 Metaspace       used 79631K, committed 81408K, reserved 1179648K
  class space    used 8522K, committed 9280K, reserved 1048576K
}
Event: 1565.856 GC heap before
{Heap before GC invocations=656 (full 3):
 PSYoungGen      total 3072K, used 2581K [0x00000000d5580000, 0x00000000d5b80000, 0x0000000100000000)
  eden space 1536K, 100% used [0x00000000d5580000,0x00000000d5700000,0x00000000d5700000)
  from space 1536K, 68% used [0x00000000d5a00000,0x00000000d5b054b8,0x00000000d5b80000)
  to   space 1536K, 0% used [0x00000000d5880000,0x00000000d5880000,0x00000000d5a00000)
 ParOldGen       total 657408K, used 657250K [0x0000000080000000, 0x00000000a8200000, 0x00000000d5580000)
  object space 657408K, 99% used [0x0000000080000000,0x00000000a81d8b90,0x00000000a8200000)
 Metaspace       used 79631K, committed 81408K, reserved 1179648K
  class space    used 8522K, committed 9280K, reserved 1048576K
}
Event: 1565.865 GC heap after
{Heap after GC invocations=656 (full 3):
 PSYoungGen      total 3584K, used 1510K [0x00000000d5580000, 0x00000000d5d80000, 0x0000000100000000)
  eden space 2048K, 0% used [0x00000000d5580000,0x00000000d5580000,0x00000000d5780000)
  from space 1536K, 98% used [0x00000000d5880000,0x00000000d59f9888,0x00000000d5a00000)
  to   space 3072K, 0% used [0x00000000d5a80000,0x00000000d5a80000,0x00000000d5d80000)
 ParOldGen       total 658432K, used 658296K [0x0000000080000000, 0x00000000a8300000, 0x00000000d5580000)
  object space 658432K, 99% used [0x0000000080000000,0x00000000a82de048,0x00000000a8300000)
 Metaspace       used 79631K, committed 81408K, reserved 1179648K
  class space    used 8522K, committed 9280K, reserved 1048576K
}
Event: 1565.911 GC heap before
{Heap before GC invocations=657 (full 3):
 PSYoungGen      total 3584K, used 3558K [0x00000000d5580000, 0x00000000d5d80000, 0x0000000100000000)
  eden space 2048K, 100% used [0x00000000d5580000,0x00000000d5780000,0x00000000d5780000)
  from space 1536K, 98% used [0x00000000d5880000,0x00000000d59f9888,0x00000000d5a00000)
  to   space 3072K, 0% used [0x00000000d5a80000,0x00000000d5a80000,0x00000000d5d80000)
 ParOldGen       total 658432K, used 658296K [0x0000000080000000, 0x00000000a8300000, 0x00000000d5580000)
  object space 658432K, 99% used [0x0000000080000000,0x00000000a82de048,0x00000000a8300000)
 Metaspace       used 79631K, committed 81408K, reserved 1179648K
  class space    used 8522K, committed 9280K, reserved 1048576K
}
Event: 1565.928 GC heap after
{Heap after GC invocations=657 (full 3):
 PSYoungGen      total 5120K, used 2048K [0x00000000d5580000, 0x00000000d5d00000, 0x0000000100000000)
  eden space 2560K, 0% used [0x00000000d5580000,0x00000000d5580000,0x00000000d5800000)
  from space 2560K, 80% used [0x00000000d5a80000,0x00000000d5c80000,0x00000000d5d00000)
  to   space 2560K, 0% used [0x00000000d5800000,0x00000000d5800000,0x00000000d5a80000)
 ParOldGen       total 659968K, used 659790K [0x0000000080000000, 0x00000000a8480000, 0x00000000d5580000)
  object space 659968K, 99% used [0x0000000080000000,0x00000000a84538d0,0x00000000a8480000)
 Metaspace       used 79631K, committed 81408K, reserved 1179648K
  class space    used 8522K, committed 9280K, reserved 1048576K
}
Event: 1565.962 GC heap before
{Heap before GC invocations=658 (full 3):
 PSYoungGen      total 5120K, used 4608K [0x00000000d5580000, 0x00000000d5d00000, 0x0000000100000000)
  eden space 2560K, 100% used [0x00000000d5580000,0x00000000d5800000,0x00000000d5800000)
  from space 2560K, 80% used [0x00000000d5a80000,0x00000000d5c80000,0x00000000d5d00000)
  to   space 2560K, 0% used [0x00000000d5800000,0x00000000d5800000,0x00000000d5a80000)
 ParOldGen       total 659968K, used 659790K [0x0000000080000000, 0x00000000a8480000, 0x00000000d5580000)
  object space 659968K, 99% used [0x0000000080000000,0x00000000a84538d0,0x00000000a8480000)
 Metaspace       used 79633K, committed 81408K, reserved 1179648K
  class space    used 8522K, committed 9280K, reserved 1048576K
}
Event: 1565.994 GC heap after
{Heap after GC invocations=658 (full 3):
 PSYoungGen      total 5120K, used 2560K [0x00000000d5580000, 0x00000000d5e80000, 0x0000000100000000)
  eden space 2560K, 0% used [0x00000000d5580000,0x00000000d5580000,0x00000000d5800000)
  from space 2560K, 100% used [0x00000000d5800000,0x00000000d5a80000,0x00000000d5a80000)
  to   space 3072K, 0% used [0x00000000d5b80000,0x00000000d5b80000,0x00000000d5e80000)
 ParOldGen       total 662016K, used 661814K [0x0000000080000000, 0x00000000a8680000, 0x00000000d5580000)
  object space 662016K, 99% used [0x0000000080000000,0x00000000a864d8d0,0x00000000a8680000)
 Metaspace       used 79633K, committed 81408K, reserved 1179648K
  class space    used 8522K, committed 9280K, reserved 1048576K
}
Event: 1566.561 GC heap before
{Heap before GC invocations=659 (full 3):
 PSYoungGen      total 5120K, used 5119K [0x00000000d5580000, 0x00000000d5e80000, 0x0000000100000000)
  eden space 2560K, 99% used [0x00000000d5580000,0x00000000d57fffe8,0x00000000d5800000)
  from space 2560K, 100% used [0x00000000d5800000,0x00000000d5a80000,0x00000000d5a80000)
  to   space 3072K, 0% used [0x00000000d5b80000,0x00000000d5b80000,0x00000000d5e80000)
 ParOldGen       total 662016K, used 661814K [0x0000000080000000, 0x00000000a8680000, 0x00000000d5580000)
  object space 662016K, 99% used [0x0000000080000000,0x00000000a864d8d0,0x00000000a8680000)
 Metaspace       used 79751K, committed 81536K, reserved 1179648K
  class space    used 8535K, committed 9344K, reserved 1048576K
}
Event: 1566.575 GC heap after
{Heap after GC invocations=659 (full 3):
 PSYoungGen      total 3584K, used 448K [0x00000000d5580000, 0x00000000d5c00000, 0x0000000100000000)
  eden space 3072K, 0% used [0x00000000d5580000,0x00000000d5580000,0x00000000d5880000)
  from space 512K, 87% used [0x00000000d5b80000,0x00000000d5bf0000,0x00000000d5c00000)
  to   space 1536K, 0% used [0x00000000d5900000,0x00000000d5900000,0x00000000d5a80000)
 ParOldGen       total 664576K, used 664334K [0x0000000080000000, 0x00000000a8900000, 0x00000000d5580000)
  object space 664576K, 99% used [0x0000000080000000,0x00000000a88c38d0,0x00000000a8900000)
 Metaspace       used 79751K, committed 81536K, reserved 1179648K
  class space    used 8535K, committed 9344K, reserved 1048576K
}
Event: 1567.157 GC heap before
{Heap before GC invocations=660 (full 3):
 PSYoungGen      total 3584K, used 3519K [0x00000000d5580000, 0x00000000d5c00000, 0x0000000100000000)
  eden space 3072K, 99% used [0x00000000d5580000,0x00000000d587fff8,0x00000000d5880000)
  from space 512K, 87% used [0x00000000d5b80000,0x00000000d5bf0000,0x00000000d5c00000)
  to   space 1536K, 0% used [0x00000000d5900000,0x00000000d5900000,0x00000000d5a80000)
 ParOldGen       total 664576K, used 664334K [0x0000000080000000, 0x00000000a8900000, 0x00000000d5580000)
  object space 664576K, 99% used [0x0000000080000000,0x00000000a88c38d0,0x00000000a8900000)
 Metaspace       used 80057K, committed 81856K, reserved 1179648K
  class space    used 8583K, committed 9408K, reserved 1048576K
}
Event: 1567.172 GC heap after
{Heap after GC invocations=660 (full 3):
 PSYoungGen      total 5120K, used 224K [0x00000000d5580000, 0x00000000d5c00000, 0x0000000100000000)
  eden space 3584K, 0% used [0x00000000d5580000,0x00000000d5580000,0x00000000d5900000)
  from space 1536K, 14% used [0x00000000d5900000,0x00000000d5938000,0x00000000d5a80000)
  to   space 512K, 0% used [0x00000000d5b80000,0x00000000d5b80000,0x00000000d5c00000)
 ParOldGen       total 665088K, used 664662K [0x0000000080000000, 0x00000000a8980000, 0x00000000d5580000)
  object space 665088K, 99% used [0x0000000080000000,0x00000000a89158d0,0x00000000a8980000)
 Metaspace       used 80057K, committed 81856K, reserved 1179648K
  class space    used 8583K, committed 9408K, reserved 1048576K
}
Event: 1567.713 GC heap before
{Heap before GC invocations=661 (full 3):
 PSYoungGen      total 5120K, used 3804K [0x00000000d5580000, 0x00000000d5c00000, 0x0000000100000000)
  eden space 3584K, 99% used [0x00000000d5580000,0x00000000d58ff1b8,0x00000000d5900000)
  from space 1536K, 14% used [0x00000000d5900000,0x00000000d5938000,0x00000000d5a80000)
  to   space 512K, 0% used [0x00000000d5b80000,0x00000000d5b80000,0x00000000d5c00000)
 ParOldGen       total 665088K, used 664662K [0x0000000080000000, 0x00000000a8980000, 0x00000000d5580000)
  object space 665088K, 99% used [0x0000000080000000,0x00000000a89158d0,0x00000000a8980000)
 Metaspace       used 80327K, committed 82176K, reserved 1179648K
  class space    used 8618K, committed 9408K, reserved 1048576K
}
Event: 1567.720 GC heap after
{Heap after GC invocations=661 (full 3):
 PSYoungGen      total 4096K, used 160K [0x00000000d5580000, 0x00000000d5c00000, 0x0000000100000000)
  eden space 3584K, 0% used [0x00000000d5580000,0x00000000d5580000,0x00000000d5900000)
  from space 512K, 31% used [0x00000000d5b80000,0x00000000d5ba8000,0x00000000d5c00000)
  to   space 512K, 0% used [0x00000000d5b00000,0x00000000d5b00000,0x00000000d5b80000)
 ParOldGen       total 665088K, used 664806K [0x0000000080000000, 0x00000000a8980000, 0x00000000d5580000)
  object space 665088K, 99% used [0x0000000080000000,0x00000000a89398d0,0x00000000a8980000)
 Metaspace       used 80327K, committed 82176K, reserved 1179648K
  class space    used 8618K, committed 9408K, reserved 1048576K
}
Event: 1570.477 GC heap before
{Heap before GC invocations=662 (full 3):
 PSYoungGen      total 4096K, used 3744K [0x00000000d5580000, 0x00000000d5c00000, 0x0000000100000000)
  eden space 3584K, 100% used [0x00000000d5580000,0x00000000d5900000,0x00000000d5900000)
  from space 512K, 31% used [0x00000000d5b80000,0x00000000d5ba8000,0x00000000d5c00000)
  to   space 512K, 0% used [0x00000000d5b00000,0x00000000d5b00000,0x00000000d5b80000)
 ParOldGen       total 665088K, used 664806K [0x0000000080000000, 0x00000000a8980000, 0x00000000d5580000)
  object space 665088K, 99% used [0x0000000080000000,0x00000000a89398d0,0x00000000a8980000)
 Metaspace       used 80371K, committed 82176K, reserved 1179648K
  class space    used 8618K, committed 9408K, reserved 1048576K
}
Event: 1570.506 GC heap after
{Heap after GC invocations=662 (full 3):
 PSYoungGen      total 4096K, used 304K [0x00000000d5580000, 0x00000000d5c00000, 0x0000000100000000)
  eden space 3584K, 0% used [0x00000000d5580000,0x00000000d5580000,0x00000000d5900000)
  from space 512K, 59% used [0x00000000d5b00000,0x00000000d5b4c010,0x00000000d5b80000)
  to   space 512K, 0% used [0x00000000d5b80000,0x00000000d5b80000,0x00000000d5c00000)
 ParOldGen       total 665088K, used 664862K [0x0000000080000000, 0x00000000a8980000, 0x00000000d5580000)
  object space 665088K, 99% used [0x0000000080000000,0x00000000a89478d0,0x00000000a8980000)
 Metaspace       used 80371K, committed 82176K, reserved 1179648K
  class space    used 8618K, committed 9408K, reserved 1048576K
}
Event: 1571.544 GC heap before
{Heap before GC invocations=663 (full 3):
 PSYoungGen      total 4096K, used 3888K [0x00000000d5580000, 0x00000000d5c00000, 0x0000000100000000)
  eden space 3584K, 100% used [0x00000000d5580000,0x00000000d5900000,0x00000000d5900000)
  from space 512K, 59% used [0x00000000d5b00000,0x00000000d5b4c010,0x00000000d5b80000)
  to   space 512K, 0% used [0x00000000d5b80000,0x00000000d5b80000,0x00000000d5c00000)
 ParOldGen       total 665088K, used 664862K [0x0000000080000000, 0x00000000a8980000, 0x00000000d5580000)
  object space 665088K, 99% used [0x0000000080000000,0x00000000a89478d0,0x00000000a8980000)
 Metaspace       used 80444K, committed 82240K, reserved 1179648K
  class space    used 8623K, committed 9408K, reserved 1048576K
}
Event: 1571.548 GC heap after
{Heap after GC invocations=663 (full 3):
 PSYoungGen      total 4096K, used 352K [0x00000000d5580000, 0x00000000d5c00000, 0x0000000100000000)
  eden space 3584K, 0% used [0x00000000d5580000,0x00000000d5580000,0x00000000d5900000)
  from space 512K, 68% used [0x00000000d5b80000,0x00000000d5bd8000,0x00000000d5c00000)
  to   space 512K, 0% used [0x00000000d5b00000,0x00000000d5b00000,0x00000000d5b80000)
 ParOldGen       total 665088K, used 665068K [0x0000000080000000, 0x00000000a8980000, 0x00000000d5580000)
  object space 665088K, 99% used [0x0000000080000000,0x00000000a897b320,0x00000000a8980000)
 Metaspace       used 80444K, committed 82240K, reserved 1179648K
  class space    used 8623K, committed 9408K, reserved 1048576K
}
Event: 1747.543 GC heap before
{Heap before GC invocations=664 (full 3):
 PSYoungGen      total 4096K, used 3936K [0x00000000d5580000, 0x00000000d5c00000, 0x0000000100000000)
  eden space 3584K, 100% used [0x00000000d5580000,0x00000000d5900000,0x00000000d5900000)
  from space 512K, 68% used [0x00000000d5b80000,0x00000000d5bd8000,0x00000000d5c00000)
  to   space 512K, 0% used [0x00000000d5b00000,0x00000000d5b00000,0x00000000d5b80000)
 ParOldGen       total 665088K, used 665068K [0x0000000080000000, 0x00000000a8980000, 0x00000000d5580000)
  object space 665088K, 99% used [0x0000000080000000,0x00000000a897b320,0x00000000a8980000)
 Metaspace       used 80522K, committed 82368K, reserved 1179648K
  class space    used 8630K, committed 9472K, reserved 1048576K
}
Event: 1748.071 GC heap after
{Heap after GC invocations=664 (full 3):
 PSYoungGen      total 4096K, used 128K [0x00000000d5580000, 0x00000000d5c00000, 0x0000000100000000)
  eden space 3584K, 0% used [0x00000000d5580000,0x00000000d5580000,0x00000000d5900000)
  from space 512K, 25% used [0x00000000d5b00000,0x00000000d5b20000,0x00000000d5b80000)
  to   space 512K, 0% used [0x00000000d5b80000,0x00000000d5b80000,0x00000000d5c00000)
 ParOldGen       total 665600K, used 665276K [0x0000000080000000, 0x00000000a8a00000, 0x00000000d5580000)
  object space 665600K, 99% used [0x0000000080000000,0x00000000a89af320,0x00000000a8a00000)
 Metaspace       used 80522K, committed 82368K, reserved 1179648K
  class space    used 8630K, committed 9472K, reserved 1048576K
}

