# JRE version: OpenJDK Runtime Environment Temurin-21.0.11+10 (21.0.11+10) (build 21.0.11+10-LTS)
# Java VM: OpenJDK 64-Bit Server VM Temurin-21.0.11+10 (21.0.11+10-LTS, mixed mode, sharing, tiered, compressed oops, compressed class ptrs, parallel gc, windows-amd64)
GC Precious Log:
 CardTable entry size: 512
 CPUs: 4 total, 4 available
 Memory: 3463M
 Large Page Support: Disabled
 NUMA Support: Disabled
 Compressed Oops: Enabled (32-bit)
 Alignments: Space 512K, Generation 512K, Heap 2M
 Heap Min Capacity: 100M
 Heap Initial Capacity: 100M
 Heap Max Capacity: 2G
 Pre-touch: Disabled
 Parallel Workers: 4
Heap:
 PSYoungGen      total 1536K, used 731K [0x00000000d5580000, 0x00000000d5800000, 0x0000000100000000)
  eden space 1024K, 58% used [0x00000000d5580000,0x00000000d5616eb8,0x00000000d5680000)
  from space 512K, 25% used [0x00000000d5700000,0x00000000d5720000,0x00000000d5780000)
  to   space 512K, 0% used [0x00000000d5780000,0x00000000d5780000,0x00000000d5800000)
 ParOldGen       total 246272K, used 246035K [0x0000000080000000, 0x000000008f080000, 0x00000000d5580000)
  object space 246272K, 99% used [0x0000000080000000,0x000000008f044e00,0x000000008f080000)
 Metaspace       used 74502K, committed 76096K, reserved 1179648K
  class space    used 7680K, committed 8448K, reserved 1048576K
GC Heap History (20 events):
Event: 617.884 GC heap before
{Heap before GC invocations=533 (full 3):
 PSYoungGen      total 1536K, used 1245K [0x00000000d5580000, 0x00000000d5800000, 0x0000000100000000)
  eden space 1024K, 94% used [0x00000000d5580000,0x00000000d5672200,0x00000000d5680000)
  from space 512K, 54% used [0x00000000d5700000,0x00000000d5745220,0x00000000d5780000)
  to   space 512K, 0% used [0x00000000d5780000,0x00000000d5780000,0x00000000d5800000)
 ParOldGen       total 244224K, used 243854K [0x0000000080000000, 0x000000008ee80000, 0x00000000d5580000)
  object space 244224K, 99% used [0x0000000080000000,0x000000008ee23950,0x000000008ee80000)
 Metaspace       used 74250K, committed 75840K, reserved 1179648K
  class space    used 7633K, committed 8384K, reserved 1048576K
}
Event: 617.888 GC heap after
{Heap after GC invocations=533 (full 3):
 PSYoungGen      total 1536K, used 256K [0x00000000d5580000, 0x00000000d5800000, 0x0000000100000000)
  eden space 1024K, 0% used [0x00000000d5580000,0x00000000d5580000,0x00000000d5680000)
  from space 512K, 50% used [0x00000000d5780000,0x00000000d57c0000,0x00000000d5800000)
  to   space 512K, 0% used [0x00000000d5700000,0x00000000d5700000,0x00000000d5780000)
 ParOldGen       total 244224K, used 244079K [0x0000000080000000, 0x000000008ee80000, 0x00000000d5580000)
  object space 244224K, 99% used [0x0000000080000000,0x000000008ee5bd70,0x000000008ee80000)
 Metaspace       used 74250K, committed 75840K, reserved 1179648K
  class space    used 7633K, committed 8384K, reserved 1048576K
}
Event: 617.909 GC heap before
{Heap before GC invocations=534 (full 3):
 PSYoungGen      total 1536K, used 1280K [0x00000000d5580000, 0x00000000d5800000, 0x0000000100000000)
  eden space 1024K, 100% used [0x00000000d5580000,0x00000000d5680000,0x00000000d5680000)
  from space 512K, 50% used [0x00000000d5780000,0x00000000d57c0000,0x00000000d5800000)
  to   space 512K, 0% used [0x00000000d5700000,0x00000000d5700000,0x00000000d5780000)
 ParOldGen       total 244224K, used 244079K [0x0000000080000000, 0x000000008ee80000, 0x00000000d5580000)
  object space 244224K, 99% used [0x0000000080000000,0x000000008ee5bd70,0x000000008ee80000)
 Metaspace       used 74251K, committed 75840K, reserved 1179648K
  class space    used 7633K, committed 8384K, reserved 1048576K
}
Event: 617.914 GC heap after
{Heap after GC invocations=534 (full 3):
 PSYoungGen      total 1536K, used 416K [0x00000000d5580000, 0x00000000d5800000, 0x0000000100000000)
  eden space 1024K, 0% used [0x00000000d5580000,0x00000000d5580000,0x00000000d5680000)
  from space 512K, 81% used [0x00000000d5700000,0x00000000d5768198,0x00000000d5780000)
  to   space 512K, 0% used [0x00000000d5780000,0x00000000d5780000,0x00000000d5800000)
 ParOldGen       total 244736K, used 244294K [0x0000000080000000, 0x000000008ef00000, 0x00000000d5580000)
  object space 244736K, 99% used [0x0000000080000000,0x000000008ee91960,0x000000008ef00000)
 Metaspace       used 74251K, committed 75840K, reserved 1179648K
  class space    used 7633K, committed 8384K, reserved 1048576K
}
Event: 617.995 GC heap before
{Heap before GC invocations=535 (full 3):
 PSYoungGen      total 1536K, used 1440K [0x00000000d5580000, 0x00000000d5800000, 0x0000000100000000)
  eden space 1024K, 100% used [0x00000000d5580000,0x00000000d5680000,0x00000000d5680000)
  from space 512K, 81% used [0x00000000d5700000,0x00000000d5768198,0x00000000d5780000)
  to   space 512K, 0% used [0x00000000d5780000,0x00000000d5780000,0x00000000d5800000)
 ParOldGen       total 244736K, used 244294K [0x0000000080000000, 0x000000008ef00000, 0x00000000d5580000)
  object space 244736K, 99% used [0x0000000080000000,0x000000008ee91960,0x000000008ef00000)
 Metaspace       used 74254K, committed 75904K, reserved 1179648K
  class space    used 7634K, committed 8384K, reserved 1048576K
}
Event: 618.003 GC heap after
{Heap after GC invocations=535 (full 3):
 PSYoungGen      total 1536K, used 320K [0x00000000d5580000, 0x00000000d5800000, 0x0000000100000000)
  eden space 1024K, 0% used [0x00000000d5580000,0x00000000d5580000,0x00000000d5680000)
  from space 512K, 62% used [0x00000000d5780000,0x00000000d57d0000,0x00000000d5800000)
  to   space 512K, 0% used [0x00000000d5700000,0x00000000d5700000,0x00000000d5780000)
 ParOldGen       total 244736K, used 244558K [0x0000000080000000, 0x000000008ef00000, 0x00000000d5580000)
  object space 244736K, 99% used [0x0000000080000000,0x000000008eed38c0,0x000000008ef00000)
 Metaspace       used 74254K, committed 75904K, reserved 1179648K
  class space    used 7634K, committed 8384K, reserved 1048576K
}
Event: 618.282 GC heap before
{Heap before GC invocations=536 (full 3):
 PSYoungGen      total 1536K, used 1344K [0x00000000d5580000, 0x00000000d5800000, 0x0000000100000000)
  eden space 1024K, 100% used [0x00000000d5580000,0x00000000d5680000,0x00000000d5680000)
  from space 512K, 62% used [0x00000000d5780000,0x00000000d57d0000,0x00000000d5800000)
  to   space 512K, 0% used [0x00000000d5700000,0x00000000d5700000,0x00000000d5780000)
 ParOldGen       total 244736K, used 244558K [0x0000000080000000, 0x000000008ef00000, 0x00000000d5580000)
  object space 244736K, 99% used [0x0000000080000000,0x000000008eed38c0,0x000000008ef00000)
 Metaspace       used 74285K, committed 75904K, reserved 1179648K
  class space    used 7635K, committed 8384K, reserved 1048576K
}
Event: 618.286 GC heap after
{Heap after GC invocations=536 (full 3):
 PSYoungGen      total 1536K, used 288K [0x00000000d5580000, 0x00000000d5800000, 0x0000000100000000)
  eden space 1024K, 0% used [0x00000000d5580000,0x00000000d5580000,0x00000000d5680000)
  from space 512K, 56% used [0x00000000d5700000,0x00000000d5748000,0x00000000d5780000)
  to   space 512K, 0% used [0x00000000d5780000,0x00000000d5780000,0x00000000d5800000)
 ParOldGen       total 244736K, used 244702K [0x0000000080000000, 0x000000008ef00000, 0x00000000d5580000)
  object space 244736K, 99% used [0x0000000080000000,0x000000008eef78c0,0x000000008ef00000)
 Metaspace       used 74285K, committed 75904K, reserved 1179648K
  class space    used 7635K, committed 8384K, reserved 1048576K
}
Event: 618.394 GC heap before
{Heap before GC invocations=537 (full 3):
 PSYoungGen      total 1536K, used 1312K [0x00000000d5580000, 0x00000000d5800000, 0x0000000100000000)
  eden space 1024K, 100% used [0x00000000d5580000,0x00000000d5680000,0x00000000d5680000)
  from space 512K, 56% used [0x00000000d5700000,0x00000000d5748000,0x00000000d5780000)
  to   space 512K, 0% used [0x00000000d5780000,0x00000000d5780000,0x00000000d5800000)
 ParOldGen       total 244736K, used 244702K [0x0000000080000000, 0x000000008ef00000, 0x00000000d5580000)
  object space 244736K, 99% used [0x0000000080000000,0x000000008eef78c0,0x000000008ef00000)
 Metaspace       used 74303K, committed 75904K, reserved 1179648K
  class space    used 7636K, committed 8384K, reserved 1048576K
}
Event: 618.398 GC heap after
{Heap after GC invocations=537 (full 3):
 PSYoungGen      total 1536K, used 372K [0x00000000d5580000, 0x00000000d5800000, 0x0000000100000000)
  eden space 1024K, 0% used [0x00000000d5580000,0x00000000d5580000,0x00000000d5680000)
  from space 512K, 72% used [0x00000000d5780000,0x00000000d57dd200,0x00000000d5800000)
  to   space 512K, 0% used [0x00000000d5700000,0x00000000d5700000,0x00000000d5780000)
 ParOldGen       total 245248K, used 244926K [0x0000000080000000, 0x000000008ef80000, 0x00000000d5580000)
  object space 245248K, 99% used [0x0000000080000000,0x000000008ef2f8c0,0x000000008ef80000)
 Metaspace       used 74303K, committed 75904K, reserved 1179648K
  class space    used 7636K, committed 8384K, reserved 1048576K
}
Event: 618.676 GC heap before
{Heap before GC invocations=538 (full 3):
 PSYoungGen      total 1536K, used 1396K [0x00000000d5580000, 0x00000000d5800000, 0x0000000100000000)
  eden space 1024K, 99% used [0x00000000d5580000,0x00000000d567fff0,0x00000000d5680000)
  from space 512K, 72% used [0x00000000d5780000,0x00000000d57dd200,0x00000000d5800000)
  to   space 512K, 0% used [0x00000000d5700000,0x00000000d5700000,0x00000000d5780000)
 ParOldGen       total 245248K, used 244926K [0x0000000080000000, 0x000000008ef80000, 0x00000000d5580000)
  object space 245248K, 99% used [0x0000000080000000,0x000000008ef2f8c0,0x000000008ef80000)
 Metaspace       used 74307K, committed 75904K, reserved 1179648K
  class space    used 7636K, committed 8384K, reserved 1048576K
}
Event: 618.681 GC heap after
{Heap after GC invocations=538 (full 3):
 PSYoungGen      total 1536K, used 368K [0x00000000d5580000, 0x00000000d5800000, 0x0000000100000000)
  eden space 1024K, 0% used [0x00000000d5580000,0x00000000d5580000,0x00000000d5680000)
  from space 512K, 71% used [0x00000000d5700000,0x00000000d575c010,0x00000000d5780000)
  to   space 512K, 0% used [0x00000000d5780000,0x00000000d5780000,0x00000000d5800000)
 ParOldGen       total 245248K, used 245191K [0x0000000080000000, 0x000000008ef80000, 0x00000000d5580000)
  object space 245248K, 99% used [0x0000000080000000,0x000000008ef71ee0,0x000000008ef80000)
 Metaspace       used 74307K, committed 75904K, reserved 1179648K
  class space    used 7636K, committed 8384K, reserved 1048576K
}
Event: 618.729 GC heap before
{Heap before GC invocations=539 (full 3):
 PSYoungGen      total 1536K, used 1392K [0x00000000d5580000, 0x00000000d5800000, 0x0000000100000000)
  eden space 1024K, 100% used [0x00000000d5580000,0x00000000d5680000,0x00000000d5680000)
  from space 512K, 71% used [0x00000000d5700000,0x00000000d575c010,0x00000000d5780000)
  to   space 512K, 0% used [0x00000000d5780000,0x00000000d5780000,0x00000000d5800000)
 ParOldGen       total 245248K, used 245191K [0x0000000080000000, 0x000000008ef80000, 0x00000000d5580000)
  object space 245248K, 99% used [0x0000000080000000,0x000000008ef71ee0,0x000000008ef80000)
 Metaspace       used 74317K, committed 75904K, reserved 1179648K
  class space    used 7636K, committed 8384K, reserved 1048576K
}
Event: 618.733 GC heap after
{Heap after GC invocations=539 (full 3):
 PSYoungGen      total 1536K, used 352K [0x00000000d5580000, 0x00000000d5800000, 0x0000000100000000)
  eden space 1024K, 0% used [0x00000000d5580000,0x00000000d5580000,0x00000000d5680000)
  from space 512K, 68% used [0x00000000d5780000,0x00000000d57d8000,0x00000000d5800000)
  to   space 512K, 0% used [0x00000000d5700000,0x00000000d5700000,0x00000000d5780000)
 ParOldGen       total 245760K, used 245511K [0x0000000080000000, 0x000000008f000000, 0x00000000d5580000)
  object space 245760K, 99% used [0x0000000080000000,0x000000008efc1f10,0x000000008f000000)
 Metaspace       used 74317K, committed 75904K, reserved 1179648K
  class space    used 7636K, committed 8384K, reserved 1048576K
}
Event: 619.351 GC heap before
{Heap before GC invocations=540 (full 3):
 PSYoungGen      total 1536K, used 1375K [0x00000000d5580000, 0x00000000d5800000, 0x0000000100000000)
  eden space 1024K, 99% used [0x00000000d5580000,0x00000000d567fff8,0x00000000d5680000)
  from space 512K, 68% used [0x00000000d5780000,0x00000000d57d8000,0x00000000d5800000)
  to   space 512K, 0% used [0x00000000d5700000,0x00000000d5700000,0x00000000d5780000)
 ParOldGen       total 245760K, used 245511K [0x0000000080000000, 0x000000008f000000, 0x00000000d5580000)
  object space 245760K, 99% used [0x0000000080000000,0x000000008efc1f10,0x000000008f000000)
 Metaspace       used 74377K, committed 76032K, reserved 1179648K
  class space    used 7645K, committed 8384K, reserved 1048576K
}
Event: 619.356 GC heap after
{Heap after GC invocations=540 (full 3):
 PSYoungGen      total 1536K, used 320K [0x00000000d5580000, 0x00000000d5800000, 0x0000000100000000)
  eden space 1024K, 0% used [0x00000000d5580000,0x00000000d5580000,0x00000000d5680000)
  from space 512K, 62% used [0x00000000d5700000,0x00000000d5750000,0x00000000d5780000)
  to   space 512K, 0% used [0x00000000d5780000,0x00000000d5780000,0x00000000d5800000)
 ParOldGen       total 246272K, used 245791K [0x0000000080000000, 0x000000008f080000, 0x00000000d5580000)
  object space 246272K, 99% used [0x0000000080000000,0x000000008f007f10,0x000000008f080000)
 Metaspace       used 74377K, committed 76032K, reserved 1179648K
  class space    used 7645K, committed 8384K, reserved 1048576K
}
Event: 619.562 GC heap before
{Heap before GC invocations=541 (full 3):
 PSYoungGen      total 1536K, used 1343K [0x00000000d5580000, 0x00000000d5800000, 0x0000000100000000)
  eden space 1024K, 99% used [0x00000000d5580000,0x00000000d567fff8,0x00000000d5680000)
  from space 512K, 62% used [0x00000000d5700000,0x00000000d5750000,0x00000000d5780000)
  to   space 512K, 0% used [0x00000000d5780000,0x00000000d5780000,0x00000000d5800000)
 ParOldGen       total 246272K, used 245791K [0x0000000080000000, 0x000000008f080000, 0x00000000d5580000)
  object space 246272K, 99% used [0x0000000080000000,0x000000008f007f10,0x000000008f080000)
 Metaspace       used 74452K, committed 76096K, reserved 1179648K
  class space    used 7675K, committed 8448K, reserved 1048576K
}
Event: 619.567 GC heap after
{Heap after GC invocations=541 (full 3):
 PSYoungGen      total 1536K, used 64K [0x00000000d5580000, 0x00000000d5800000, 0x0000000100000000)
  eden space 1024K, 0% used [0x00000000d5580000,0x00000000d5580000,0x00000000d5680000)
  from space 512K, 12% used [0x00000000d5780000,0x00000000d5790000,0x00000000d5800000)
  to   space 512K, 0% used [0x00000000d5700000,0x00000000d5700000,0x00000000d5780000)
 ParOldGen       total 246272K, used 246011K [0x0000000080000000, 0x000000008f080000, 0x00000000d5580000)
  object space 246272K, 99% used [0x0000000080000000,0x000000008f03ee00,0x000000008f080000)
 Metaspace       used 74452K, committed 76096K, reserved 1179648K
  class space    used 7675K, committed 8448K, reserved 1048576K
}
Event: 626.593 GC heap before
{Heap before GC invocations=542 (full 3):
 PSYoungGen      total 1536K, used 1087K [0x00000000d5580000, 0x00000000d5800000, 0x0000000100000000)
  eden space 1024K, 99% used [0x00000000d5580000,0x00000000d567ffe0,0x00000000d5680000)
  from space 512K, 12% used [0x00000000d5780000,0x00000000d5790000,0x00000000d5800000)
  to   space 512K, 0% used [0x00000000d5700000,0x00000000d5700000,0x00000000d5780000)
 ParOldGen       total 246272K, used 246011K [0x0000000080000000, 0x000000008f080000, 0x00000000d5580000)
  object space 246272K, 99% used [0x0000000080000000,0x000000008f03ee00,0x000000008f080000)
 Metaspace       used 74484K, committed 76096K, reserved 1179648K
  class space    used 7680K, committed 8448K, reserved 1048576K
}
Event: 626.597 GC heap after
{Heap after GC invocations=542 (full 3):
 PSYoungGen      total 1536K, used 128K [0x00000000d5580000, 0x00000000d5800000, 0x0000000100000000)
  eden space 1024K, 0% used [0x00000000d5580000,0x00000000d5580000,0x00000000d5680000)
  from space 512K, 25% used [0x00000000d5700000,0x00000000d5720000,0x00000000d5780000)
  to   space 512K, 0% used [0x00000000d5780000,0x00000000d5780000,0x00000000d5800000)
 ParOldGen       total 246272K, used 246035K [0x0000000080000000, 0x000000008f080000, 0x00000000d5580000)
  object space 246272K, 99% used [0x0000000080000000,0x000000008f044e00,0x000000008f080000)
 Metaspace       used 74484K, committed 76096K, reserved 1179648K
  class space    used 7680K, committed 8448K, reserved 1048576K
}

