# JRE version: OpenJDK Runtime Environment Temurin-21.0.11+10 (21.0.11+10) (build 21.0.11+10-LTS)
# Java VM: OpenJDK 64-Bit Server VM Temurin-21.0.11+10 (21.0.11+10-LTS, mixed mode, sharing, tiered, compressed oops, compressed class ptrs, parallel gc, windows-amd64)
GC Precious Log:
 CardTable entry size: 512
 CPUs: 4 total, 4 available
 Memory: 3463M
 Large Page Support: Disabled
 NUMA Support: Disabled
 Compressed Oops: Enabled (32-bit)
 Alignments: Space 512K, Generation 512K, Heap 2M
 Heap Min Capacity: 100M
 Heap Initial Capacity: 100M
 Heap Max Capacity: 2G
 Pre-touch: Disabled
 Parallel Workers: 4
Heap:
 PSYoungGen      total 3072K, used 2076K [0x00000000d5580000, 0x00000000d5b80000, 0x0000000100000000)
  eden space 2560K, 66% used [0x00000000d5580000,0x00000000d5728790,0x00000000d5800000)
  from space 512K, 73% used [0x00000000d5b00000,0x00000000d5b5e900,0x00000000d5b80000)
  to   space 512K, 0% used [0x00000000d5a80000,0x00000000d5a80000,0x00000000d5b00000)
 ParOldGen       total 1049600K, used 1049371K [0x0000000080000000, 0x00000000c0100000, 0x00000000d5580000)
  object space 1049600K, 99% used [0x0000000080000000,0x00000000c00c6ed8,0x00000000c0100000)
 Metaspace       used 94622K, committed 96448K, reserved 1179648K
  class space    used 9741K, committed 10560K, reserved 1048576K
GC Heap History (20 events):
Event: 2048.086 GC heap before
{Heap before GC invocations=2767 (full 8):
 PSYoungGen      total 4608K, used 4250K [0x00000000d5580000, 0x00000000d5d00000, 0x0000000100000000)
  eden space 4096K, 100% used [0x00000000d5580000,0x00000000d5980000,0x00000000d5980000)
  from space 512K, 30% used [0x00000000d5c80000,0x00000000d5ca6900,0x00000000d5d00000)
  to   space 512K, 0% used [0x00000000d5c00000,0x00000000d5c00000,0x00000000d5c80000)
 ParOldGen       total 1042944K, used 1042765K [0x0000000080000000, 0x00000000bfa80000, 0x00000000d5580000)
  object space 1042944K, 99% used [0x0000000080000000,0x00000000bfa534e8,0x00000000bfa80000)
 Metaspace       used 94613K, committed 96448K, reserved 1179648K
  class space    used 9741K, committed 10560K, reserved 1048576K
}
Event: 2048.101 GC heap after
{Heap after GC invocations=2767 (full 8):
 PSYoungGen      total 4608K, used 96K [0x00000000d5580000, 0x00000000d5d00000, 0x0000000100000000)
  eden space 4096K, 0% used [0x00000000d5580000,0x00000000d5580000,0x00000000d5980000)
  from space 512K, 18% used [0x00000000d5c00000,0x00000000d5c18000,0x00000000d5c80000)
  to   space 512K, 0% used [0x00000000d5c80000,0x00000000d5c80000,0x00000000d5d00000)
 ParOldGen       total 1042944K, used 1042773K [0x0000000080000000, 0x00000000bfa80000, 0x00000000d5580000)
  object space 1042944K, 99% used [0x0000000080000000,0x00000000bfa554e8,0x00000000bfa80000)
 Metaspace       used 94613K, committed 96448K, reserved 1179648K
  class space    used 9741K, committed 10560K, reserved 1048576K
}
Event: 2049.203 GC heap before
{Heap before GC invocations=2768 (full 8):
 PSYoungGen      total 4608K, used 4192K [0x00000000d5580000, 0x00000000d5d00000, 0x0000000100000000)
  eden space 4096K, 100% used [0x00000000d5580000,0x00000000d5980000,0x00000000d5980000)
  from space 512K, 18% used [0x00000000d5c00000,0x00000000d5c18000,0x00000000d5c80000)
  to   space 512K, 0% used [0x00000000d5c80000,0x00000000d5c80000,0x00000000d5d00000)
 ParOldGen       total 1042944K, used 1042773K [0x0000000080000000, 0x00000000bfa80000, 0x00000000d5580000)
  object space 1042944K, 99% used [0x0000000080000000,0x00000000bfa554e8,0x00000000bfa80000)
 Metaspace       used 94616K, committed 96448K, reserved 1179648K
  class space    used 9741K, committed 10560K, reserved 1048576K
}
Event: 2049.224 GC heap after
{Heap after GC invocations=2768 (full 8):
 PSYoungGen      total 4608K, used 154K [0x00000000d5580000, 0x00000000d5d00000, 0x0000000100000000)
  eden space 4096K, 0% used [0x00000000d5580000,0x00000000d5580000,0x00000000d5980000)
  from space 512K, 30% used [0x00000000d5c80000,0x00000000d5ca6900,0x00000000d5d00000)
  to   space 512K, 0% used [0x00000000d5c00000,0x00000000d5c00000,0x00000000d5c80000)
 ParOldGen       total 1042944K, used 1042781K [0x0000000080000000, 0x00000000bfa80000, 0x00000000d5580000)
  object space 1042944K, 99% used [0x0000000080000000,0x00000000bfa574e8,0x00000000bfa80000)
 Metaspace       used 94616K, committed 96448K, reserved 1179648K
  class space    used 9741K, committed 10560K, reserved 1048576K
}
Event: 2050.176 GC heap before
{Heap before GC invocations=2769 (full 8):
 PSYoungGen      total 4608K, used 4250K [0x00000000d5580000, 0x00000000d5d00000, 0x0000000100000000)
  eden space 4096K, 100% used [0x00000000d5580000,0x00000000d5980000,0x00000000d5980000)
  from space 512K, 30% used [0x00000000d5c80000,0x00000000d5ca6900,0x00000000d5d00000)
  to   space 512K, 0% used [0x00000000d5c00000,0x00000000d5c00000,0x00000000d5c80000)
 ParOldGen       total 1042944K, used 1042781K [0x0000000080000000, 0x00000000bfa80000, 0x00000000d5580000)
  object space 1042944K, 99% used [0x0000000080000000,0x00000000bfa574e8,0x00000000bfa80000)
 Metaspace       used 94616K, committed 96448K, reserved 1179648K
  class space    used 9741K, committed 10560K, reserved 1048576K
}
Event: 2050.183 GC heap after
{Heap after GC invocations=2769 (full 8):
 PSYoungGen      total 4608K, used 218K [0x00000000d5580000, 0x00000000d5d00000, 0x0000000100000000)
  eden space 4096K, 0% used [0x00000000d5580000,0x00000000d5580000,0x00000000d5980000)
  from space 512K, 42% used [0x00000000d5c00000,0x00000000d5c36900,0x00000000d5c80000)
  to   space 512K, 0% used [0x00000000d5c80000,0x00000000d5c80000,0x00000000d5d00000)
 ParOldGen       total 1042944K, used 1042813K [0x0000000080000000, 0x00000000bfa80000, 0x00000000d5580000)
  object space 1042944K, 99% used [0x0000000080000000,0x00000000bfa5f4e8,0x00000000bfa80000)
 Metaspace       used 94616K, committed 96448K, reserved 1179648K
  class space    used 9741K, committed 10560K, reserved 1048576K
}
Event: 2050.442 GC heap before
{Heap before GC invocations=2770 (full 8):
 PSYoungGen      total 4608K, used 4308K [0x00000000d5580000, 0x00000000d5d00000, 0x0000000100000000)
  eden space 4096K, 99% used [0x00000000d5580000,0x00000000d597e9d0,0x00000000d5980000)
  from space 512K, 42% used [0x00000000d5c00000,0x00000000d5c36900,0x00000000d5c80000)
  to   space 512K, 0% used [0x00000000d5c80000,0x00000000d5c80000,0x00000000d5d00000)
 ParOldGen       total 1042944K, used 1042813K [0x0000000080000000, 0x00000000bfa80000, 0x00000000d5580000)
  object space 1042944K, 99% used [0x0000000080000000,0x00000000bfa5f4e8,0x00000000bfa80000)
 Metaspace       used 94619K, committed 96448K, reserved 1179648K
  class space    used 9741K, committed 10560K, reserved 1048576K
}
Event: 2050.452 GC heap after
{Heap after GC invocations=2770 (full 8):
 PSYoungGen      total 4608K, used 128K [0x00000000d5580000, 0x00000000d5d00000, 0x0000000100000000)
  eden space 4096K, 0% used [0x00000000d5580000,0x00000000d5580000,0x00000000d5980000)
  from space 512K, 25% used [0x00000000d5c80000,0x00000000d5ca0000,0x00000000d5d00000)
  to   space 512K, 0% used [0x00000000d5c00000,0x00000000d5c00000,0x00000000d5c80000)
 ParOldGen       total 1042944K, used 1042821K [0x0000000080000000, 0x00000000bfa80000, 0x00000000d5580000)
  object space 1042944K, 99% used [0x0000000080000000,0x00000000bfa614e8,0x00000000bfa80000)
 Metaspace       used 94619K, committed 96448K, reserved 1179648K
  class space    used 9741K, committed 10560K, reserved 1048576K
}
Event: 2053.036 GC heap before
{Heap before GC invocations=2771 (full 8):
 PSYoungGen      total 4608K, used 4224K [0x00000000d5580000, 0x00000000d5d00000, 0x0000000100000000)
  eden space 4096K, 100% used [0x00000000d5580000,0x00000000d5980000,0x00000000d5980000)
  from space 512K, 25% used [0x00000000d5c80000,0x00000000d5ca0000,0x00000000d5d00000)
  to   space 512K, 0% used [0x00000000d5c00000,0x00000000d5c00000,0x00000000d5c80000)
 ParOldGen       total 1042944K, used 1042821K [0x0000000080000000, 0x00000000bfa80000, 0x00000000d5580000)
  object space 1042944K, 99% used [0x0000000080000000,0x00000000bfa614e8,0x00000000bfa80000)
 Metaspace       used 94619K, committed 96448K, reserved 1179648K
  class space    used 9741K, committed 10560K, reserved 1048576K
}
Event: 2053.049 GC heap after
{Heap after GC invocations=2771 (full 8):
 PSYoungGen      total 4608K, used 506K [0x00000000d5580000, 0x00000000d5e80000, 0x0000000100000000)
  eden space 4096K, 0% used [0x00000000d5580000,0x00000000d5580000,0x00000000d5980000)
  from space 512K, 99% used [0x00000000d5c00000,0x00000000d5c7ebb8,0x00000000d5c80000)
  to   space 2048K, 0% used [0x00000000d5c80000,0x00000000d5c80000,0x00000000d5e80000)
 ParOldGen       total 1044480K, used 1044430K [0x0000000080000000, 0x00000000bfc00000, 0x00000000d5580000)
  object space 1044480K, 99% used [0x0000000080000000,0x00000000bfbf3b60,0x00000000bfc00000)
 Metaspace       used 94619K, committed 96448K, reserved 1179648K
  class space    used 9741K, committed 10560K, reserved 1048576K
}
Event: 2053.744 GC heap before
{Heap before GC invocations=2772 (full 8):
 PSYoungGen      total 4608K, used 4537K [0x00000000d5580000, 0x00000000d5e80000, 0x0000000100000000)
  eden space 4096K, 98% used [0x00000000d5580000,0x00000000d596fbe0,0x00000000d5980000)
  from space 512K, 99% used [0x00000000d5c00000,0x00000000d5c7ebb8,0x00000000d5c80000)
  to   space 2048K, 0% used [0x00000000d5c80000,0x00000000d5c80000,0x00000000d5e80000)
 ParOldGen       total 1044480K, used 1044430K [0x0000000080000000, 0x00000000bfc00000, 0x00000000d5580000)
  object space 1044480K, 99% used [0x0000000080000000,0x00000000bfbf3b60,0x00000000bfc00000)
 Metaspace       used 94619K, committed 96448K, reserved 1179648K
  class space    used 9741K, committed 10560K, reserved 1048576K
}
Event: 2053.779 GC heap after
{Heap after GC invocations=2772 (full 8):
 PSYoungGen      total 4608K, used 2017K [0x00000000d5580000, 0x00000000d6280000, 0x0000000100000000)
  eden space 2560K, 0% used [0x00000000d5580000,0x00000000d5580000,0x00000000d5800000)
  from space 2048K, 98% used [0x00000000d5c80000,0x00000000d5e786d0,0x00000000d5e80000)
  to   space 4608K, 0% used [0x00000000d5800000,0x00000000d5800000,0x00000000d5c80000)
 ParOldGen       total 1046528K, used 1046324K [0x0000000080000000, 0x00000000bfe00000, 0x00000000d5580000)
  object space 1046528K, 99% used [0x0000000080000000,0x00000000bfdcd328,0x00000000bfe00000)
 Metaspace       used 94619K, committed 96448K, reserved 1179648K
  class space    used 9741K, committed 10560K, reserved 1048576K
}
Event: 2056.870 GC heap before
{Heap before GC invocations=2773 (full 8):
 PSYoungGen      total 4608K, used 4577K [0x00000000d5580000, 0x00000000d6280000, 0x0000000100000000)
  eden space 2560K, 100% used [0x00000000d5580000,0x00000000d5800000,0x00000000d5800000)
  from space 2048K, 98% used [0x00000000d5c80000,0x00000000d5e786d0,0x00000000d5e80000)
  to   space 4608K, 0% used [0x00000000d5800000,0x00000000d5800000,0x00000000d5c80000)
 ParOldGen       total 1046528K, used 1046324K [0x0000000080000000, 0x00000000bfe00000, 0x00000000d5580000)
  object space 1046528K, 99% used [0x0000000080000000,0x00000000bfdcd328,0x00000000bfe00000)
 Metaspace       used 94619K, committed 96448K, reserved 1179648K
  class space    used 9741K, committed 10560K, reserved 1048576K
}
Event: 2056.891 GC heap after
{Heap after GC invocations=2773 (full 8):
 PSYoungGen      total 3584K, used 815K [0x00000000d5580000, 0x00000000d5d00000, 0x0000000100000000)
  eden space 2560K, 0% used [0x00000000d5580000,0x00000000d5580000,0x00000000d5800000)
  from space 1024K, 79% used [0x00000000d5800000,0x00000000d58cbf60,0x00000000d5900000)
  to   space 2048K, 0% used [0x00000000d5b00000,0x00000000d5b00000,0x00000000d5d00000)
 ParOldGen       total 1048576K, used 1048318K [0x0000000080000000, 0x00000000c0000000, 0x00000000d5580000)
  object space 1048576K, 99% used [0x0000000080000000,0x00000000bffbfa60,0x00000000c0000000)
 Metaspace       used 94619K, committed 96448K, reserved 1179648K
  class space    used 9741K, committed 10560K, reserved 1048576K
}
Event: 2057.440 GC heap before
{Heap before GC invocations=2774 (full 8):
 PSYoungGen      total 3584K, used 3375K [0x00000000d5580000, 0x00000000d5d00000, 0x0000000100000000)
  eden space 2560K, 100% used [0x00000000d5580000,0x00000000d5800000,0x00000000d5800000)
  from space 1024K, 79% used [0x00000000d5800000,0x00000000d58cbf60,0x00000000d5900000)
  to   space 2048K, 0% used [0x00000000d5b00000,0x00000000d5b00000,0x00000000d5d00000)
 ParOldGen       total 1048576K, used 1048318K [0x0000000080000000, 0x00000000c0000000, 0x00000000d5580000)
  object space 1048576K, 99% used [0x0000000080000000,0x00000000bffbfa60,0x00000000c0000000)
 Metaspace       used 94619K, committed 96448K, reserved 1179648K
  class space    used 9741K, committed 10560K, reserved 1048576K
}
Event: 2057.464 GC heap after
{Heap after GC invocations=2774 (full 8):
 PSYoungGen      total 3584K, used 628K [0x00000000d5580000, 0x00000000d5c00000, 0x0000000100000000)
  eden space 2560K, 0% used [0x00000000d5580000,0x00000000d5580000,0x00000000d5800000)
  from space 1024K, 61% used [0x00000000d5b00000,0x00000000d5b9d200,0x00000000d5c00000)
  to   space 1024K, 0% used [0x00000000d5800000,0x00000000d5800000,0x00000000d5900000)
 ParOldGen       total 1049088K, used 1049037K [0x0000000080000000, 0x00000000c0080000, 0x00000000d5580000)
  object space 1049088K, 99% used [0x0000000080000000,0x00000000c0073688,0x00000000c0080000)
 Metaspace       used 94619K, committed 96448K, reserved 1179648K
  class space    used 9741K, committed 10560K, reserved 1048576K
}
Event: 2060.183 GC heap before
{Heap before GC invocations=2775 (full 8):
 PSYoungGen      total 3584K, used 3188K [0x00000000d5580000, 0x00000000d5c00000, 0x0000000100000000)
  eden space 2560K, 100% used [0x00000000d5580000,0x00000000d5800000,0x00000000d5800000)
  from space 1024K, 61% used [0x00000000d5b00000,0x00000000d5b9d200,0x00000000d5c00000)
  to   space 1024K, 0% used [0x00000000d5800000,0x00000000d5800000,0x00000000d5900000)
 ParOldGen       total 1049088K, used 1049037K [0x0000000080000000, 0x00000000c0080000, 0x00000000d5580000)
  object space 1049088K, 99% used [0x0000000080000000,0x00000000c0073688,0x00000000c0080000)
 Metaspace       used 94622K, committed 96448K, reserved 1179648K
  class space    used 9741K, committed 10560K, reserved 1048576K
}
Event: 2060.194 GC heap after
{Heap after GC invocations=2775 (full 8):
 PSYoungGen      total 3584K, used 378K [0x00000000d5580000, 0x00000000d5b80000, 0x0000000100000000)
  eden space 2560K, 0% used [0x00000000d5580000,0x00000000d5580000,0x00000000d5800000)
  from space 1024K, 36% used [0x00000000d5800000,0x00000000d585e900,0x00000000d5900000)
  to   space 512K, 0% used [0x00000000d5b00000,0x00000000d5b00000,0x00000000d5b80000)
 ParOldGen       total 1049600K, used 1049181K [0x0000000080000000, 0x00000000c0100000, 0x00000000d5580000)
  object space 1049600K, 99% used [0x0000000080000000,0x00000000c0097688,0x00000000c0100000)
 Metaspace       used 94622K, committed 96448K, reserved 1179648K
  class space    used 9741K, committed 10560K, reserved 1048576K
}
Event: 2060.421 GC heap before
{Heap before GC invocations=2776 (full 8):
 PSYoungGen      total 3584K, used 2938K [0x00000000d5580000, 0x00000000d5b80000, 0x0000000100000000)
  eden space 2560K, 100% used [0x00000000d5580000,0x00000000d5800000,0x00000000d5800000)
  from space 1024K, 36% used [0x00000000d5800000,0x00000000d585e900,0x00000000d5900000)
  to   space 512K, 0% used [0x00000000d5b00000,0x00000000d5b00000,0x00000000d5b80000)
 ParOldGen       total 1049600K, used 1049181K [0x0000000080000000, 0x00000000c0100000, 0x00000000d5580000)
  object space 1049600K, 99% used [0x0000000080000000,0x00000000c0097688,0x00000000c0100000)
 Metaspace       used 94622K, committed 96448K, reserved 1179648K
  class space    used 9741K, committed 10560K, reserved 1048576K
}
Event: 2060.432 GC heap after
{Heap after GC invocations=2776 (full 8):
 PSYoungGen      total 3072K, used 378K [0x00000000d5580000, 0x00000000d5b80000, 0x0000000100000000)
  eden space 2560K, 0% used [0x00000000d5580000,0x00000000d5580000,0x00000000d5800000)
  from space 512K, 73% used [0x00000000d5b00000,0x00000000d5b5e900,0x00000000d5b80000)
  to   space 512K, 0% used [0x00000000d5a80000,0x00000000d5a80000,0x00000000d5b00000)
 ParOldGen       total 1049600K, used 1049371K [0x0000000080000000, 0x00000000c0100000, 0x00000000d5580000)
  object space 1049600K, 99% used [0x0000000080000000,0x00000000c00c6ed8,0x00000000c0100000)
 Metaspace       used 94622K, committed 96448K, reserved 1179648K
  class space    used 9741K, committed 10560K, reserved 1048576K
}

